#
# There is insufficient memory for the Java Runtime Environment to continue.
# Native memory allocation (malloc) failed to allocate 2024656 bytes for Chunk::new
# Possible reasons:
#   The system is out of physical RAM or swap space
#   The process is running with CompressedOops enabled, and the Java Heap may be blocking the growth of the native heap
# Possible solutions:
#   Reduce memory load on the system
#   Increase physical memory or swap space
#   Check if swap backing store is full
#   Decrease Java heap size (-Xmx/-Xms)
#   Decrease number of Java threads
#   Decrease Java thread stack sizes (-Xss)
#   Set larger code cache with -XX:ReservedCodeCacheSize=
#   JVM is running with Unscaled Compressed Oops mode in which the Java heap is
#     placed in the first 4GB address space. The Java Heap base address is the
#     maximum limit for the native heap growth. Please use -XX:HeapBaseMinAddress
#     to set the Java Heap base and to place the Java Heap above 4GB virtual address.
# This output file may be truncated or incomplete.
#
#  Out of Memory Error (./open/src/hotspot/share/memory/arena.cpp:197), pid=13320, tid=4104
#
# JRE version: Java(TM) SE Runtime Environment 18.9 (11.0.16.1+1) (build 11.0.16.1+1-LTS-1)
# Java VM: Java HotSpot(TM) 64-Bit Server VM 18.9 (11.0.16.1+1-LTS-1, mixed mode, tiered, compressed oops, g1 gc, windows-amd64)
# No core dump will be written. Minidumps are not enabled by default on client versions of Windows
#

---------------  S U M M A R Y ------------

Command Line: --add-opens=java.base/java.util=ALL-UNNAMED --add-opens=java.base/java.lang=ALL-UNNAMED --add-opens=java.base/java.lang.invoke=ALL-UNNAMED --add-opens=java.base/java.util=ALL-UNNAMED --add-opens=java.prefs/java.util.prefs=ALL-UNNAMED --add-opens=java.prefs/java.util.prefs=ALL-UNNAMED --add-opens=java.base/java.nio.charset=ALL-UNNAMED --add-opens=java.base/java.net=ALL-UNNAMED --add-opens=java.base/java.util.concurrent.atomic=ALL-UNNAMED -XX:MaxMetaspaceSize=256m -XX:+HeapDumpOnOutOfMemoryError -Xms256m -Xmx512m -Dfile.encoding=x-windows-949 -Duser.country=KR -Duser.language=ko -Duser.variant org.gradle.launcher.daemon.bootstrap.GradleDaemon 7.5

Host: Intel(R) Core(TM) i5-8250U CPU @ 1.60GHz, 8 cores, 7G,  Windows 11 , 64 bit Build 22000 (10.0.22000.708)
Time: Mon Sep  5 18:58:37 2022  Windows 11 , 64 bit Build 22000 (10.0.22000.708) elapsed time: 2803.131391 seconds (0d 0h 46m 43s)

---------------  T H R E A D  ---------------

Current thread (0x000001b4e5899800):  JavaThread "C2 CompilerThread0" daemon [_thread_in_native, id=4104, stack(0x0000005ee6b00000,0x0000005ee6c00000)]


Current CompileTask:
C2:2803131 20451       4       java.lang.Class::getMethod (59 bytes)

Stack: [0x0000005ee6b00000,0x0000005ee6c00000]
Native frames: (J=compiled Java code, j=interpreted, Vv=VM code, C=native code)
V  [jvm.dll+0x62a3da]
V  [jvm.dll+0x76407f]
V  [jvm.dll+0x765729]
V  [jvm.dll+0x765db3]
V  [jvm.dll+0x23dc18]
V  [jvm.dll+0xb2a1c]
V  [jvm.dll+0xb2fdc]
V  [jvm.dll+0x341452]
V  [jvm.dll+0x30ee03]
V  [jvm.dll+0x30e14a]
V  [jvm.dll+0x1f8685]
V  [jvm.dll+0x1f786d]
V  [jvm.dll+0x177c81]
V  [jvm.dll+0x207186]
V  [jvm.dll+0x20531b]
V  [jvm.dll+0x729f60]
V  [jvm.dll+0x722b34]
V  [jvm.dll+0x629276]
C  [ucrtbase.dll+0x26c0c]
C  [KERNEL32.DLL+0x154e0]
C  [ntdll.dll+0x485b]


---------------  P R O C E S S  ---------------

Threads class SMR info:
_java_thread_list=0x000001b4e7014c80, length=43, elements={
0x000001b4cb12c000, 0x000001b4e5876800, 0x000001b4e5881800, 0x000001b4e619b800,
0x000001b4e619c800, 0x000001b4e619e000, 0x000001b4e5899800, 0x000001b4e589c000,
0x000001b4e61b9800, 0x000001b4e630e000, 0x000001b4e7636000, 0x000001b4e7119800,
0x000001b4e855e000, 0x000001b4e64ed000, 0x000001b4e64ee000, 0x000001b4e64ef800,
0x000001b4e64f0800, 0x000001b4e64f1000, 0x000001b4e82a9000, 0x000001b4e82ab000,
0x000001b4e82aa000, 0x000001b4e82b1800, 0x000001b4e82b0000, 0x000001b4e82b2000,
0x000001b4e82b0800, 0x000001b4e82ac800, 0x000001b4e82b4000, 0x000001b4e82b4800,
0x000001b4eb038800, 0x000001b4eb0a9800, 0x000001b4eb09d800, 0x000001b4eb09e000,
0x000001b4eb09c800, 0x000001b4eb0a3000, 0x000001b4eb09f000, 0x000001b4eb0a0800,
0x000001b4eb0a1800, 0x000001b4eb09f800, 0x000001b4eb09b800, 0x000001b4eb0a8000,
0x000001b4eb0a4000, 0x000001b4eb0a6800, 0x000001b4eb0a5800
}

Java Threads: ( => current thread )
  0x000001b4cb12c000 JavaThread "main" [_thread_blocked, id=15700, stack(0x0000005ee5f00000,0x0000005ee6000000)]
  0x000001b4e5876800 JavaThread "Reference Handler" daemon [_thread_blocked, id=2152, stack(0x0000005ee6600000,0x0000005ee6700000)]
  0x000001b4e5881800 JavaThread "Finalizer" daemon [_thread_blocked, id=23264, stack(0x0000005ee6700000,0x0000005ee6800000)]
  0x000001b4e619b800 JavaThread "Signal Dispatcher" daemon [_thread_blocked, id=1204, stack(0x0000005ee6800000,0x0000005ee6900000)]
  0x000001b4e619c800 JavaThread "Attach Listener" daemon [_thread_blocked, id=5868, stack(0x0000005ee6900000,0x0000005ee6a00000)]
  0x000001b4e619e000 JavaThread "Service Thread" daemon [_thread_blocked, id=15436, stack(0x0000005ee6a00000,0x0000005ee6b00000)]
=>0x000001b4e5899800 JavaThread "C2 CompilerThread0" daemon [_thread_in_native, id=4104, stack(0x0000005ee6b00000,0x0000005ee6c00000)]
  0x000001b4e589c000 JavaThread "C1 CompilerThread0" daemon [_thread_blocked, id=25200, stack(0x0000005ee6c00000,0x0000005ee6d00000)]
  0x000001b4e61b9800 JavaThread "Sweeper thread" daemon [_thread_blocked, id=19084, stack(0x0000005ee6d00000,0x0000005ee6e00000)]
  0x000001b4e630e000 JavaThread "Common-Cleaner" daemon [_thread_blocked, id=12136, stack(0x0000005ee6e00000,0x0000005ee6f00000)]
  0x000001b4e7636000 JavaThread "Daemon health stats" [_thread_blocked, id=18468, stack(0x0000005ee7600000,0x0000005ee7700000)]
  0x000001b4e7119800 JavaThread "Incoming local TCP Connector on port 10781" [_thread_in_native, id=5596, stack(0x0000005ee7500000,0x0000005ee7600000)]
  0x000001b4e855e000 JavaThread "Daemon periodic checks" [_thread_blocked, id=6764, stack(0x0000005ee7700000,0x0000005ee7800000)]
  0x000001b4e64ed000 JavaThread "Cache worker for journal cache (C:\Users\park\.gradle\caches\journal-1)" [_thread_blocked, id=8532, stack(0x0000005ee7c00000,0x0000005ee7d00000)]
  0x000001b4e64ee000 JavaThread "File lock request listener" [_thread_in_native, id=16976, stack(0x0000005ee8000000,0x0000005ee8100000)]
  0x000001b4e64ef800 JavaThread "Cache worker for file hash cache (C:\Users\park\.gradle\caches\7.5\fileHashes)" [_thread_blocked, id=3356, stack(0x0000005ee8100000,0x0000005ee8200000)]
  0x000001b4e64f0800 JavaThread "File watcher server" daemon [_thread_in_native, id=16208, stack(0x0000005ee8600000,0x0000005ee8700000)]
  0x000001b4e64f1000 JavaThread "File watcher consumer" daemon [_thread_blocked, id=1396, stack(0x0000005ee8700000,0x0000005ee8800000)]
  0x000001b4e82a9000 JavaThread "Cache worker for file content cache (C:\Users\park\.gradle\caches\7.5\fileContent)" [_thread_blocked, id=5320, stack(0x0000005ee8a00000,0x0000005ee8b00000)]
  0x000001b4e82ab000 JavaThread "Cache worker for execution history cache (C:\Users\park\.gradle\caches\7.5\executionHistory)" [_thread_blocked, id=19180, stack(0x0000005ee8d00000,0x0000005ee8e00000)]
  0x000001b4e82aa000 JavaThread "jar transforms" [_thread_blocked, id=11792, stack(0x0000005ee8e00000,0x0000005ee8f00000)]
  0x000001b4e82b1800 JavaThread "jar transforms Thread 2" [_thread_blocked, id=12772, stack(0x0000005ee8f00000,0x0000005ee9000000)]
  0x000001b4e82b0000 JavaThread "jar transforms Thread 3" [_thread_blocked, id=12868, stack(0x0000005ee9000000,0x0000005ee9100000)]
  0x000001b4e82b2000 JavaThread "jar transforms Thread 4" [_thread_blocked, id=16640, stack(0x0000005ee9100000,0x0000005ee9200000)]
  0x000001b4e82b0800 JavaThread "jar transforms Thread 5" [_thread_blocked, id=3884, stack(0x0000005ee9200000,0x0000005ee9300000)]
  0x000001b4e82ac800 JavaThread "jar transforms Thread 6" [_thread_blocked, id=22092, stack(0x0000005ee9300000,0x0000005ee9400000)]
  0x000001b4e82b4000 JavaThread "jar transforms Thread 7" [_thread_blocked, id=21616, stack(0x0000005ee9400000,0x0000005ee9500000)]
  0x000001b4e82b4800 JavaThread "jar transforms Thread 8" [_thread_blocked, id=20848, stack(0x0000005ee9500000,0x0000005ee9600000)]
  0x000001b4eb038800 JavaThread "Memory manager" [_thread_blocked, id=18912, stack(0x0000005eeab00000,0x0000005eeac00000)]
  0x000001b4eb0a9800 JavaThread "Cache worker for Java compile cache (C:\Users\park\.gradle\caches\7.5\javaCompile)" [_thread_blocked, id=3392, stack(0x0000005eef200000,0x0000005eef300000)]
  0x000001b4eb09d800 JavaThread "Daemon Thread 16" [_thread_blocked, id=8964, stack(0x0000005ee5c00000,0x0000005ee5d00000)]
  0x000001b4eb09e000 JavaThread "Daemon Thread 17" [_thread_blocked, id=12872, stack(0x0000005ee5d00000,0x0000005ee5e00000)]
  0x000001b4eb09c800 JavaThread "Handler for socket connection from /127.0.0.1:10781 to /127.0.0.1:13886" [_thread_in_native, id=2940, stack(0x0000005ee5e00000,0x0000005ee5f00000)]
  0x000001b4eb0a3000 JavaThread "Cancel handler" [_thread_blocked, id=18332, stack(0x0000005ee7900000,0x0000005ee7a00000)]
  0x000001b4eb09f000 JavaThread "Daemon worker Thread 12" [_thread_in_Java, id=16372, stack(0x0000005ee7800000,0x0000005ee7900000)]
  0x000001b4eb0a0800 JavaThread "Asynchronous log dispatcher for DefaultDaemonConnection: socket connection from /127.0.0.1:10781 to /127.0.0.1:13886" [_thread_blocked, id=22420, stack(0x0000005ee7a00000,0x0000005ee7b00000)]
  0x000001b4eb0a1800 JavaThread "Stdin handler" [_thread_blocked, id=14204, stack(0x0000005ee7b00000,0x0000005ee7c00000)]
  0x000001b4eb09f800 JavaThread "Daemon client event forwarder" [_thread_blocked, id=23320, stack(0x0000005ee7d00000,0x0000005ee7e00000)]
  0x000001b4eb09b800 JavaThread "Cache worker for checksums cache (C:\Users\park\Desktop\취업\인프런 백엔드\스프링 김영한 JPA 활용1\jpashop\.gradle\7.5\checksums)" [_thread_blocked, id=12192, stack(0x0000005ee7e00000,0x0000005ee7f00000)]
  0x000001b4eb0a8000 JavaThread "Cache worker for cache directory md-rule (C:\Users\park\.gradle\caches\7.5\md-rule)" [_thread_blocked, id=17044, stack(0x0000005ee7f00000,0x0000005ee8000000)]
  0x000001b4eb0a4000 JavaThread "Cache worker for file hash cache (C:\Users\park\Desktop\취업\인프런 백엔드\스프링 김영한 JPA 활용1\jpashop\.gradle\7.5\fileHashes)" [_thread_blocked, id=1896, stack(0x0000005ee8800000,0x0000005ee8900000)]
  0x000001b4eb0a6800 JavaThread "Cache worker for cache directory md-supplier (C:\Users\park\.gradle\caches\7.5\md-supplier)" [_thread_blocked, id=23184, stack(0x0000005ee8900000,0x0000005ee8a00000)]
  0x000001b4eb0a5800 JavaThread "Cache worker for dependencies-accessors (C:\Users\park\Desktop\취업\인프런 백엔드\스프링 김영한 JPA 활용1\jpashop\.gradle\7.5\dependencies-accessors)" [_thread_blocked, id=25104, stack(0x0000005ee8b00000,0x0000005ee8c00000)]

Other Threads:
  0x000001b4e5850800 VMThread "VM Thread" [stack: 0x0000005ee6500000,0x0000005ee6600000] [id=9400]
  0x000001b4e636d800 WatcherThread [stack: 0x0000005ee6f00000,0x0000005ee7000000] [id=14760]
  0x000001b4cb144800 GCTaskThread "GC Thread#0" [stack: 0x0000005ee6000000,0x0000005ee6100000] [id=15276]
  0x000001b4e6e6b000 GCTaskThread "GC Thread#1" [stack: 0x0000005ee7000000,0x0000005ee7100000] [id=10956]
  0x000001b4e6f10000 GCTaskThread "GC Thread#2" [stack: 0x0000005ee7100000,0x0000005ee7200000] [id=20904]
  0x000001b4e6f70800 GCTaskThread "GC Thread#3" [stack: 0x0000005ee7200000,0x0000005ee7300000] [id=25128]
  0x000001b4e6f71800 GCTaskThread "GC Thread#4" [stack: 0x0000005ee7300000,0x0000005ee7400000] [id=6652]
  0x000001b4e7283000 GCTaskThread "GC Thread#5" [stack: 0x0000005ee7400000,0x0000005ee7500000] [id=14412]
  0x000001b4e7284800 GCTaskThread "GC Thread#6" [stack: 0x0000005ee8200000,0x0000005ee8300000] [id=21380]
  0x000001b4e7280000 GCTaskThread "GC Thread#7" [stack: 0x0000005ee8300000,0x0000005ee8400000] [id=8160]
  0x000001b4cb155000 ConcurrentGCThread "G1 Main Marker" [stack: 0x0000005ee6100000,0x0000005ee6200000] [id=18864]
  0x000001b4cb157800 ConcurrentGCThread "G1 Conc#0" [stack: 0x0000005ee6200000,0x0000005ee6300000] [id=10924]
  0x000001b4e7280800 ConcurrentGCThread "G1 Conc#1" [stack: 0x0000005ee8400000,0x0000005ee8500000] [id=20620]
  0x000001b4e56ec800 ConcurrentGCThread "G1 Refine#0" [stack: 0x0000005ee6300000,0x0000005ee6400000] [id=10436]
  0x000001b4eb009000 ConcurrentGCThread "G1 Refine#1" [stack: 0x0000005ee8500000,0x0000005ee8600000] [id=14044]
  0x000001b4e56ef000 ConcurrentGCThread "G1 Young RemSet Sampling" [stack: 0x0000005ee6400000,0x0000005ee6500000] [id=20244]

Threads with active compile tasks:
C2 CompilerThread0  2803275 20451       4       java.lang.Class::getMethod (59 bytes)

VM state:not at safepoint (normal execution)

VM Mutex/Monitor currently owned by a thread: None

Heap address: 0x00000000e0000000, size: 512 MB, Compressed Oops mode: 32-bit
Narrow klass base: 0x0000000000000000, Narrow klass shift: 3
Compressed class space size: 260046848 Address: 0x0000000100000000

Heap:
 garbage-first heap   total 262144K, used 212942K [0x00000000e0000000, 0x0000000100000000)
  region size 1024K, 54 young (55296K), 2 survivors (2048K)
 Metaspace       used 88729K, capacity 92347K, committed 95232K, reserved 337920K
  class space    used 11095K, capacity 12336K, committed 12800K, reserved 253952K
Heap Regions: E=young(eden), S=young(survivor), O=old, HS=humongous(starts), HC=humongous(continues), CS=collection set, F=free, A=archive, TAMS=top-at-mark-start (previous, next)
|   0|0x00000000e0000000, 0x00000000e0100000, 0x00000000e0100000|100%| O|  |TAMS 0x00000000e0100000, 0x00000000e0000000| Untracked 
|   1|0x00000000e0100000, 0x00000000e0200000, 0x00000000e0200000|100%| O|  |TAMS 0x00000000e0200000, 0x00000000e0100000| Untracked 
|   2|0x00000000e0200000, 0x00000000e0300000, 0x00000000e0300000|100%| O|  |TAMS 0x00000000e0300000, 0x00000000e0200000| Untracked 
|   3|0x00000000e0300000, 0x00000000e0400000, 0x00000000e0400000|100%|HS|  |TAMS 0x00000000e0400000, 0x00000000e0300000| Complete 
|   4|0x00000000e0400000, 0x00000000e0500000, 0x00000000e0500000|100%|HC|  |TAMS 0x00000000e0500000, 0x00000000e0400000| Complete 
|   5|0x00000000e0500000, 0x00000000e0600000, 0x00000000e0600000|100%|HC|  |TAMS 0x00000000e0600000, 0x00000000e0500000| Complete 
|   6|0x00000000e0600000, 0x00000000e0700000, 0x00000000e0700000|100%| O|  |TAMS 0x00000000e0700000, 0x00000000e0600000| Untracked 
|   7|0x00000000e0700000, 0x00000000e0800000, 0x00000000e0800000|100%| O|  |TAMS 0x00000000e0800000, 0x00000000e0700000| Untracked 
|   8|0x00000000e0800000, 0x00000000e0900000, 0x00000000e0900000|100%| O|  |TAMS 0x00000000e0900000, 0x00000000e0800000| Untracked 
|   9|0x00000000e0900000, 0x00000000e0a00000, 0x00000000e0a00000|100%| O|  |TAMS 0x00000000e0a00000, 0x00000000e0900000| Untracked 
|  10|0x00000000e0a00000, 0x00000000e0b00000, 0x00000000e0b00000|100%| O|  |TAMS 0x00000000e0b00000, 0x00000000e0a00000| Untracked 
|  11|0x00000000e0b00000, 0x00000000e0c00000, 0x00000000e0c00000|100%| O|  |TAMS 0x00000000e0c00000, 0x00000000e0b00000| Untracked 
|  12|0x00000000e0c00000, 0x00000000e0d00000, 0x00000000e0d00000|100%| O|  |TAMS 0x00000000e0d00000, 0x00000000e0c00000| Untracked 
|  13|0x00000000e0d00000, 0x00000000e0e00000, 0x00000000e0e00000|100%| O|  |TAMS 0x00000000e0d00000, 0x00000000e0d00000| Untracked 
|  14|0x00000000e0e00000, 0x00000000e0f00000, 0x00000000e0f00000|100%| O|  |TAMS 0x00000000e0f00000, 0x00000000e0e00000| Untracked 
|  15|0x00000000e0f00000, 0x00000000e1000000, 0x00000000e1000000|100%| O|  |TAMS 0x00000000e1000000, 0x00000000e0f00000| Untracked 
|  16|0x00000000e1000000, 0x00000000e1100000, 0x00000000e1100000|100%| O|  |TAMS 0x00000000e1100000, 0x00000000e1000000| Untracked 
|  17|0x00000000e1100000, 0x00000000e1200000, 0x00000000e1200000|100%| O|  |TAMS 0x00000000e1200000, 0x00000000e1100000| Untracked 
|  18|0x00000000e1200000, 0x00000000e1300000, 0x00000000e1300000|100%| O|  |TAMS 0x00000000e1300000, 0x00000000e1200000| Untracked 
|  19|0x00000000e1300000, 0x00000000e1400000, 0x00000000e1400000|100%| O|  |TAMS 0x00000000e1400000, 0x00000000e1300000| Untracked 
|  20|0x00000000e1400000, 0x00000000e1500000, 0x00000000e1500000|100%| O|  |TAMS 0x00000000e1500000, 0x00000000e1400000| Untracked 
|  21|0x00000000e1500000, 0x00000000e1600000, 0x00000000e1600000|100%| O|  |TAMS 0x00000000e1600000, 0x00000000e1500000| Untracked 
|  22|0x00000000e1600000, 0x00000000e1700000, 0x00000000e1700000|100%| O|  |TAMS 0x00000000e1700000, 0x00000000e1600000| Untracked 
|  23|0x00000000e1700000, 0x00000000e1800000, 0x00000000e1800000|100%| O|  |TAMS 0x00000000e1800000, 0x00000000e1700000| Untracked 
|  24|0x00000000e1800000, 0x00000000e1900000, 0x00000000e1900000|100%| O|  |TAMS 0x00000000e1900000, 0x00000000e1800000| Untracked 
|  25|0x00000000e1900000, 0x00000000e1a00000, 0x00000000e1a00000|100%| O|  |TAMS 0x00000000e1a00000, 0x00000000e1900000| Untracked 
|  26|0x00000000e1a00000, 0x00000000e1a00000, 0x00000000e1b00000|  0%| F|  |TAMS 0x00000000e1a00000, 0x00000000e1a00000| Untracked 
|  27|0x00000000e1b00000, 0x00000000e1c00000, 0x00000000e1c00000|100%| O|  |TAMS 0x00000000e1c00000, 0x00000000e1b00000| Untracked 
|  28|0x00000000e1c00000, 0x00000000e1d00000, 0x00000000e1d00000|100%| O|  |TAMS 0x00000000e1d00000, 0x00000000e1c00000| Untracked 
|  29|0x00000000e1d00000, 0x00000000e1e00000, 0x00000000e1e00000|100%| O|  |TAMS 0x00000000e1e00000, 0x00000000e1d00000| Untracked 
|  30|0x00000000e1e00000, 0x00000000e1f00000, 0x00000000e1f00000|100%| O|  |TAMS 0x00000000e1f00000, 0x00000000e1e00000| Untracked 
|  31|0x00000000e1f00000, 0x00000000e2000000, 0x00000000e2000000|100%| O|  |TAMS 0x00000000e2000000, 0x00000000e1f00000| Untracked 
|  32|0x00000000e2000000, 0x00000000e2100000, 0x00000000e2100000|100%| O|  |TAMS 0x00000000e2100000, 0x00000000e2000000| Untracked 
|  33|0x00000000e2100000, 0x00000000e2200000, 0x00000000e2200000|100%| O|  |TAMS 0x00000000e2200000, 0x00000000e2100000| Untracked 
|  34|0x00000000e2200000, 0x00000000e2300000, 0x00000000e2300000|100%| O|  |TAMS 0x00000000e2300000, 0x00000000e2200000| Untracked 
|  35|0x00000000e2300000, 0x00000000e2400000, 0x00000000e2400000|100%| O|  |TAMS 0x00000000e2400000, 0x00000000e2300000| Untracked 
|  36|0x00000000e2400000, 0x00000000e2400000, 0x00000000e2500000|  0%| F|  |TAMS 0x00000000e2400000, 0x00000000e2400000| Untracked 
|  37|0x00000000e2500000, 0x00000000e2600000, 0x00000000e2600000|100%|HS|  |TAMS 0x00000000e2600000, 0x00000000e2500000| Complete 
|  38|0x00000000e2600000, 0x00000000e2700000, 0x00000000e2700000|100%|HC|  |TAMS 0x00000000e2700000, 0x00000000e2600000| Complete 
|  39|0x00000000e2700000, 0x00000000e2800000, 0x00000000e2800000|100%|HS|  |TAMS 0x00000000e2800000, 0x00000000e2700000| Complete 
|  40|0x00000000e2800000, 0x00000000e2900000, 0x00000000e2900000|100%|HC|  |TAMS 0x00000000e2900000, 0x00000000e2800000| Complete 
|  41|0x00000000e2900000, 0x00000000e2a00000, 0x00000000e2a00000|100%|HC|  |TAMS 0x00000000e2a00000, 0x00000000e2900000| Complete 
|  42|0x00000000e2a00000, 0x00000000e2b00000, 0x00000000e2b00000|100%|HS|  |TAMS 0x00000000e2b00000, 0x00000000e2a00000| Complete 
|  43|0x00000000e2b00000, 0x00000000e2c00000, 0x00000000e2c00000|100%|HC|  |TAMS 0x00000000e2c00000, 0x00000000e2b00000| Complete 
|  44|0x00000000e2c00000, 0x00000000e2d00000, 0x00000000e2d00000|100%|HC|  |TAMS 0x00000000e2d00000, 0x00000000e2c00000| Complete 
|  45|0x00000000e2d00000, 0x00000000e2e00000, 0x00000000e2e00000|100%|HS|  |TAMS 0x00000000e2e00000, 0x00000000e2d00000| Complete 
|  46|0x00000000e2e00000, 0x00000000e2f00000, 0x00000000e2f00000|100%|HC|  |TAMS 0x00000000e2f00000, 0x00000000e2e00000| Complete 
|  47|0x00000000e2f00000, 0x00000000e3000000, 0x00000000e3000000|100%|HS|  |TAMS 0x00000000e3000000, 0x00000000e2f00000| Complete 
|  48|0x00000000e3000000, 0x00000000e3100000, 0x00000000e3100000|100%|HC|  |TAMS 0x00000000e3100000, 0x00000000e3000000| Complete 
|  49|0x00000000e3100000, 0x00000000e3200000, 0x00000000e3200000|100%|HC|  |TAMS 0x00000000e3200000, 0x00000000e3100000| Complete 
|  50|0x00000000e3200000, 0x00000000e3300000, 0x00000000e3300000|100%|HC|  |TAMS 0x00000000e3300000, 0x00000000e3200000| Complete 
|  51|0x00000000e3300000, 0x00000000e3400000, 0x00000000e3400000|100%|HC|  |TAMS 0x00000000e3400000, 0x00000000e3300000| Complete 
|  52|0x00000000e3400000, 0x00000000e3500000, 0x00000000e3500000|100%|HS|  |TAMS 0x00000000e3500000, 0x00000000e3400000| Complete 
|  53|0x00000000e3500000, 0x00000000e3600000, 0x00000000e3600000|100%|HC|  |TAMS 0x00000000e3600000, 0x00000000e3500000| Complete 
|  54|0x00000000e3600000, 0x00000000e3700000, 0x00000000e3700000|100%|HC|  |TAMS 0x00000000e3700000, 0x00000000e3600000| Complete 
|  55|0x00000000e3700000, 0x00000000e3800000, 0x00000000e3800000|100%|HS|  |TAMS 0x00000000e3800000, 0x00000000e3700000| Complete 
|  56|0x00000000e3800000, 0x00000000e3900000, 0x00000000e3900000|100%|HC|  |TAMS 0x00000000e3900000, 0x00000000e3800000| Complete 
|  57|0x00000000e3900000, 0x00000000e3a00000, 0x00000000e3a00000|100%|HC|  |TAMS 0x00000000e3a00000, 0x00000000e3900000| Complete 
|  58|0x00000000e3a00000, 0x00000000e3b00000, 0x00000000e3b00000|100%|HC|  |TAMS 0x00000000e3b00000, 0x00000000e3a00000| Complete 
|  59|0x00000000e3b00000, 0x00000000e3c00000, 0x00000000e3c00000|100%|HC|  |TAMS 0x00000000e3c00000, 0x00000000e3b00000| Complete 
|  60|0x00000000e3c00000, 0x00000000e3d00000, 0x00000000e3d00000|100%|HC|  |TAMS 0x00000000e3d00000, 0x00000000e3c00000| Complete 
|  61|0x00000000e3d00000, 0x00000000e3e00000, 0x00000000e3e00000|100%|HC|  |TAMS 0x00000000e3e00000, 0x00000000e3d00000| Complete 
|  62|0x00000000e3e00000, 0x00000000e3f00000, 0x00000000e3f00000|100%|HC|  |TAMS 0x00000000e3f00000, 0x00000000e3e00000| Complete 
|  63|0x00000000e3f00000, 0x00000000e4000000, 0x00000000e4000000|100%|HC|  |TAMS 0x00000000e4000000, 0x00000000e3f00000| Complete 
|  64|0x00000000e4000000, 0x00000000e4100000, 0x00000000e4100000|100%|HC|  |TAMS 0x00000000e4100000, 0x00000000e4000000| Complete 
|  65|0x00000000e4100000, 0x00000000e4200000, 0x00000000e4200000|100%|HC|  |TAMS 0x00000000e4200000, 0x00000000e4100000| Complete 
|  66|0x00000000e4200000, 0x00000000e4300000, 0x00000000e4300000|100%|HC|  |TAMS 0x00000000e4300000, 0x00000000e4200000| Complete 
|  67|0x00000000e4300000, 0x00000000e4400000, 0x00000000e4400000|100%|HS|  |TAMS 0x00000000e4400000, 0x00000000e4300000| Complete 
|  68|0x00000000e4400000, 0x00000000e4500000, 0x00000000e4500000|100%|HC|  |TAMS 0x00000000e4500000, 0x00000000e4400000| Complete 
|  69|0x00000000e4500000, 0x00000000e4600000, 0x00000000e4600000|100%|HS|  |TAMS 0x00000000e4600000, 0x00000000e4500000| Complete 
|  70|0x00000000e4600000, 0x00000000e4700000, 0x00000000e4700000|100%|HC|  |TAMS 0x00000000e4700000, 0x00000000e4600000| Complete 
|  71|0x00000000e4700000, 0x00000000e4800000, 0x00000000e4800000|100%|HS|  |TAMS 0x00000000e4800000, 0x00000000e4700000| Complete 
|  72|0x00000000e4800000, 0x00000000e4900000, 0x00000000e4900000|100%|HC|  |TAMS 0x00000000e4900000, 0x00000000e4800000| Complete 
|  73|0x00000000e4900000, 0x00000000e4a00000, 0x00000000e4a00000|100%|HC|  |TAMS 0x00000000e4a00000, 0x00000000e4900000| Complete 
|  74|0x00000000e4a00000, 0x00000000e4b00000, 0x00000000e4b00000|100%|HS|  |TAMS 0x00000000e4b00000, 0x00000000e4a00000| Complete 
|  75|0x00000000e4b00000, 0x00000000e4c00000, 0x00000000e4c00000|100%|HC|  |TAMS 0x00000000e4c00000, 0x00000000e4b00000| Complete 
|  76|0x00000000e4c00000, 0x00000000e4d00000, 0x00000000e4d00000|100%|HC|  |TAMS 0x00000000e4d00000, 0x00000000e4c00000| Complete 
|  77|0x00000000e4d00000, 0x00000000e4e00000, 0x00000000e4e00000|100%|HC|  |TAMS 0x00000000e4e00000, 0x00000000e4d00000| Complete 
|  78|0x00000000e4e00000, 0x00000000e4f00000, 0x00000000e4f00000|100%|HC|  |TAMS 0x00000000e4f00000, 0x00000000e4e00000| Complete 
|  79|0x00000000e4f00000, 0x00000000e5000000, 0x00000000e5000000|100%|HC|  |TAMS 0x00000000e5000000, 0x00000000e4f00000| Complete 
|  80|0x00000000e5000000, 0x00000000e5100000, 0x00000000e5100000|100%|HS|  |TAMS 0x00000000e5100000, 0x00000000e5000000| Complete 
|  81|0x00000000e5100000, 0x00000000e5200000, 0x00000000e5200000|100%|HS|  |TAMS 0x00000000e5200000, 0x00000000e5100000| Complete 
|  82|0x00000000e5200000, 0x00000000e5300000, 0x00000000e5300000|100%|HC|  |TAMS 0x00000000e5300000, 0x00000000e5200000| Complete 
|  83|0x00000000e5300000, 0x00000000e5400000, 0x00000000e5400000|100%|HC|  |TAMS 0x00000000e5400000, 0x00000000e5300000| Complete 
|  84|0x00000000e5400000, 0x00000000e5500000, 0x00000000e5500000|100%|HC|  |TAMS 0x00000000e5500000, 0x00000000e5400000| Complete 
|  85|0x00000000e5500000, 0x00000000e5600000, 0x00000000e5600000|100%|HC|  |TAMS 0x00000000e5600000, 0x00000000e5500000| Complete 
|  86|0x00000000e5600000, 0x00000000e5700000, 0x00000000e5700000|100%|HC|  |TAMS 0x00000000e5700000, 0x00000000e5600000| Complete 
|  87|0x00000000e5700000, 0x00000000e5800000, 0x00000000e5800000|100%|HC|  |TAMS 0x00000000e5800000, 0x00000000e5700000| Complete 
|  88|0x00000000e5800000, 0x00000000e5900000, 0x00000000e5900000|100%|HC|  |TAMS 0x00000000e5900000, 0x00000000e5800000| Complete 
|  89|0x00000000e5900000, 0x00000000e5a00000, 0x00000000e5a00000|100%|HC|  |TAMS 0x00000000e5a00000, 0x00000000e5900000| Complete 
|  90|0x00000000e5a00000, 0x00000000e5b00000, 0x00000000e5b00000|100%|HC|  |TAMS 0x00000000e5b00000, 0x00000000e5a00000| Complete 
|  91|0x00000000e5b00000, 0x00000000e5c00000, 0x00000000e5c00000|100%|HC|  |TAMS 0x00000000e5c00000, 0x00000000e5b00000| Complete 
|  92|0x00000000e5c00000, 0x00000000e5d00000, 0x00000000e5d00000|100%|HS|  |TAMS 0x00000000e5d00000, 0x00000000e5c00000| Complete 
|  93|0x00000000e5d00000, 0x00000000e5e00000, 0x00000000e5e00000|100%|HC|  |TAMS 0x00000000e5e00000, 0x00000000e5d00000| Complete 
|  94|0x00000000e5e00000, 0x00000000e5f00000, 0x00000000e5f00000|100%|HS|  |TAMS 0x00000000e5f00000, 0x00000000e5e00000| Complete 
|  95|0x00000000e5f00000, 0x00000000e6000000, 0x00000000e6000000|100%|HC|  |TAMS 0x00000000e6000000, 0x00000000e5f00000| Complete 
|  96|0x00000000e6000000, 0x00000000e6100000, 0x00000000e6100000|100%|HS|  |TAMS 0x00000000e6100000, 0x00000000e6000000| Complete 
|  97|0x00000000e6100000, 0x00000000e6200000, 0x00000000e6200000|100%|HC|  |TAMS 0x00000000e6200000, 0x00000000e6100000| Complete 
|  98|0x00000000e6200000, 0x00000000e6300000, 0x00000000e6300000|100%|HC|  |TAMS 0x00000000e6300000, 0x00000000e6200000| Complete 
|  99|0x00000000e6300000, 0x00000000e6400000, 0x00000000e6400000|100%|HS|  |TAMS 0x00000000e6400000, 0x00000000e6300000| Complete 
| 100|0x00000000e6400000, 0x00000000e6500000, 0x00000000e6500000|100%|HC|  |TAMS 0x00000000e6500000, 0x00000000e6400000| Complete 
| 101|0x00000000e6500000, 0x00000000e6600000, 0x00000000e6600000|100%|HC|  |TAMS 0x00000000e6600000, 0x00000000e6500000| Complete 
| 102|0x00000000e6600000, 0x00000000e6700000, 0x00000000e6700000|100%| O|  |TAMS 0x00000000e6700000, 0x00000000e6600000| Untracked 
| 103|0x00000000e6700000, 0x00000000e6800000, 0x00000000e6800000|100%|HS|  |TAMS 0x00000000e6800000, 0x00000000e6700000| Complete 
| 104|0x00000000e6800000, 0x00000000e6900000, 0x00000000e6900000|100%|HC|  |TAMS 0x00000000e6900000, 0x00000000e6800000| Complete 
| 105|0x00000000e6900000, 0x00000000e6a00000, 0x00000000e6a00000|100%| O|  |TAMS 0x00000000e6a00000, 0x00000000e6900000| Untracked 
| 106|0x00000000e6a00000, 0x00000000e6b00000, 0x00000000e6b00000|100%| O|  |TAMS 0x00000000e6b00000, 0x00000000e6a00000| Untracked 
| 107|0x00000000e6b00000, 0x00000000e6c00000, 0x00000000e6c00000|100%| O|  |TAMS 0x00000000e6c00000, 0x00000000e6b00000| Untracked 
| 108|0x00000000e6c00000, 0x00000000e6d00000, 0x00000000e6d00000|100%| O|  |TAMS 0x00000000e6d00000, 0x00000000e6c00000| Untracked 
| 109|0x00000000e6d00000, 0x00000000e6e00000, 0x00000000e6e00000|100%|HS|  |TAMS 0x00000000e6e00000, 0x00000000e6d00000| Complete 
| 110|0x00000000e6e00000, 0x00000000e6f00000, 0x00000000e6f00000|100%|HC|  |TAMS 0x00000000e6f00000, 0x00000000e6e00000| Complete 
| 111|0x00000000e6f00000, 0x00000000e7000000, 0x00000000e7000000|100%|HS|  |TAMS 0x00000000e7000000, 0x00000000e6f00000| Complete 
| 112|0x00000000e7000000, 0x00000000e7100000, 0x00000000e7100000|100%|HC|  |TAMS 0x00000000e7100000, 0x00000000e7000000| Complete 
| 113|0x00000000e7100000, 0x00000000e7200000, 0x00000000e7200000|100%|HC|  |TAMS 0x00000000e7200000, 0x00000000e7100000| Complete 
| 114|0x00000000e7200000, 0x00000000e7300000, 0x00000000e7300000|100%|HC|  |TAMS 0x00000000e7300000, 0x00000000e7200000| Complete 
| 115|0x00000000e7300000, 0x00000000e7400000, 0x00000000e7400000|100%|HC|  |TAMS 0x00000000e7400000, 0x00000000e7300000| Complete 
| 116|0x00000000e7400000, 0x00000000e7400000, 0x00000000e7500000|  0%| F|  |TAMS 0x00000000e7400000, 0x00000000e7400000| Untracked 
| 117|0x00000000e7500000, 0x00000000e7600000, 0x00000000e7600000|100%| O|  |TAMS 0x00000000e7600000, 0x00000000e7500000| Untracked 
| 118|0x00000000e7600000, 0x00000000e7700000, 0x00000000e7700000|100%| O|  |TAMS 0x00000000e7700000, 0x00000000e7600000| Untracked 
| 119|0x00000000e7700000, 0x00000000e7800000, 0x00000000e7800000|100%| O|  |TAMS 0x00000000e7800000, 0x00000000e7700000| Untracked 
| 120|0x00000000e7800000, 0x00000000e7800000, 0x00000000e7900000|  0%| F|  |TAMS 0x00000000e7800000, 0x00000000e7800000| Untracked 
| 121|0x00000000e7900000, 0x00000000e7a00000, 0x00000000e7a00000|100%| O|  |TAMS 0x00000000e7a00000, 0x00000000e7900000| Untracked 
| 122|0x00000000e7a00000, 0x00000000e7a00000, 0x00000000e7b00000|  0%| F|  |TAMS 0x00000000e7a00000, 0x00000000e7a00000| Untracked 
| 123|0x00000000e7b00000, 0x00000000e7c00000, 0x00000000e7c00000|100%| O|  |TAMS 0x00000000e7c00000, 0x00000000e7b00000| Untracked 
| 124|0x00000000e7c00000, 0x00000000e7d00000, 0x00000000e7d00000|100%| O|  |TAMS 0x00000000e7d00000, 0x00000000e7c00000| Untracked 
| 125|0x00000000e7d00000, 0x00000000e7e00000, 0x00000000e7e00000|100%| O|  |TAMS 0x00000000e7e00000, 0x00000000e7d00000| Untracked 
| 126|0x00000000e7e00000, 0x00000000e7f00000, 0x00000000e7f00000|100%| O|  |TAMS 0x00000000e7f00000, 0x00000000e7e00000| Untracked 
| 127|0x00000000e7f00000, 0x00000000e8000000, 0x00000000e8000000|100%|HS|  |TAMS 0x00000000e7f00000, 0x00000000e7f00000| Complete 
| 128|0x00000000e8000000, 0x00000000e8100000, 0x00000000e8100000|100%| O|  |TAMS 0x00000000e8000000, 0x00000000e8000000| Untracked 
| 129|0x00000000e8100000, 0x00000000e8100000, 0x00000000e8200000|  0%| F|  |TAMS 0x00000000e8100000, 0x00000000e8100000| Untracked 
| 130|0x00000000e8200000, 0x00000000e8300000, 0x00000000e8300000|100%| O|  |TAMS 0x00000000e8200000, 0x00000000e8200000| Untracked 
| 131|0x00000000e8300000, 0x00000000e8400000, 0x00000000e8400000|100%| O|  |TAMS 0x00000000e8300000, 0x00000000e8300000| Untracked 
| 132|0x00000000e8400000, 0x00000000e8500000, 0x00000000e8500000|100%| O|  |TAMS 0x00000000e8400000, 0x00000000e8400000| Untracked 
| 133|0x00000000e8500000, 0x00000000e8600000, 0x00000000e8600000|100%| O|  |TAMS 0x00000000e8600000, 0x00000000e8500000| Untracked 
| 134|0x00000000e8600000, 0x00000000e8700000, 0x00000000e8700000|100%| O|  |TAMS 0x00000000e8600000, 0x00000000e8600000| Untracked 
| 135|0x00000000e8700000, 0x00000000e8800000, 0x00000000e8800000|100%| O|  |TAMS 0x00000000e8700000, 0x00000000e8700000| Untracked 
| 136|0x00000000e8800000, 0x00000000e88f3a00, 0x00000000e8900000| 95%| O|  |TAMS 0x00000000e8800000, 0x00000000e8800000| Untracked 
| 137|0x00000000e8900000, 0x00000000e8900000, 0x00000000e8a00000|  0%| F|  |TAMS 0x00000000e8900000, 0x00000000e8900000| Untracked 
| 138|0x00000000e8a00000, 0x00000000e8a00000, 0x00000000e8b00000|  0%| F|  |TAMS 0x00000000e8a00000, 0x00000000e8a00000| Untracked 
| 139|0x00000000e8b00000, 0x00000000e8b00000, 0x00000000e8c00000|  0%| F|  |TAMS 0x00000000e8b00000, 0x00000000e8b00000| Untracked 
| 140|0x00000000e8c00000, 0x00000000e8d00000, 0x00000000e8d00000|100%| O|  |TAMS 0x00000000e8d00000, 0x00000000e8c00000| Untracked 
| 141|0x00000000e8d00000, 0x00000000e8d00000, 0x00000000e8e00000|  0%| F|  |TAMS 0x00000000e8d00000, 0x00000000e8d00000| Untracked 
| 142|0x00000000e8e00000, 0x00000000e8e00000, 0x00000000e8f00000|  0%| F|  |TAMS 0x00000000e8e00000, 0x00000000e8e00000| Untracked 
| 143|0x00000000e8f00000, 0x00000000e8f00000, 0x00000000e9000000|  0%| F|  |TAMS 0x00000000e8f00000, 0x00000000e8f00000| Untracked 
| 144|0x00000000e9000000, 0x00000000e9000000, 0x00000000e9100000|  0%| F|  |TAMS 0x00000000e9000000, 0x00000000e9000000| Untracked 
| 145|0x00000000e9100000, 0x00000000e9100000, 0x00000000e9200000|  0%| F|  |TAMS 0x00000000e9100000, 0x00000000e9100000| Untracked 
| 146|0x00000000e9200000, 0x00000000e9200000, 0x00000000e9300000|  0%| F|  |TAMS 0x00000000e9200000, 0x00000000e9200000| Untracked 
| 147|0x00000000e9300000, 0x00000000e9300000, 0x00000000e9400000|  0%| F|  |TAMS 0x00000000e9300000, 0x00000000e9300000| Untracked 
| 148|0x00000000e9400000, 0x00000000e9400000, 0x00000000e9500000|  0%| F|  |TAMS 0x00000000e9400000, 0x00000000e9400000| Untracked 
| 149|0x00000000e9500000, 0x00000000e9600000, 0x00000000e9600000|100%| O|  |TAMS 0x00000000e9600000, 0x00000000e9500000| Untracked 
| 150|0x00000000e9600000, 0x00000000e9600000, 0x00000000e9700000|  0%| F|  |TAMS 0x00000000e9600000, 0x00000000e9600000| Untracked 
| 151|0x00000000e9700000, 0x00000000e9700000, 0x00000000e9800000|  0%| F|  |TAMS 0x00000000e9700000, 0x00000000e9700000| Untracked 
| 152|0x00000000e9800000, 0x00000000e9900000, 0x00000000e9900000|100%| O|  |TAMS 0x00000000e9900000, 0x00000000e9800000| Untracked 
| 153|0x00000000e9900000, 0x00000000e9a00000, 0x00000000e9a00000|100%|HS|  |TAMS 0x00000000e9a00000, 0x00000000e9900000| Complete 
| 154|0x00000000e9a00000, 0x00000000e9b00000, 0x00000000e9b00000|100%|HC|  |TAMS 0x00000000e9b00000, 0x00000000e9a00000| Complete 
| 155|0x00000000e9b00000, 0x00000000e9c00000, 0x00000000e9c00000|100%|HC|  |TAMS 0x00000000e9c00000, 0x00000000e9b00000| Complete 
| 156|0x00000000e9c00000, 0x00000000e9d00000, 0x00000000e9d00000|100%|HC|  |TAMS 0x00000000e9d00000, 0x00000000e9c00000| Complete 
| 157|0x00000000e9d00000, 0x00000000e9e00000, 0x00000000e9e00000|100%|HC|  |TAMS 0x00000000e9e00000, 0x00000000e9d00000| Complete 
| 158|0x00000000e9e00000, 0x00000000e9f00000, 0x00000000e9f00000|100%|HC|  |TAMS 0x00000000e9f00000, 0x00000000e9e00000| Complete 
| 159|0x00000000e9f00000, 0x00000000ea000000, 0x00000000ea000000|100%|HC|  |TAMS 0x00000000ea000000, 0x00000000e9f00000| Complete 
| 160|0x00000000ea000000, 0x00000000ea100000, 0x00000000ea100000|100%|HC|  |TAMS 0x00000000ea100000, 0x00000000ea000000| Complete 
| 161|0x00000000ea100000, 0x00000000ea200000, 0x00000000ea200000|100%|HC|  |TAMS 0x00000000ea200000, 0x00000000ea100000| Complete 
| 162|0x00000000ea200000, 0x00000000ea300000, 0x00000000ea300000|100%|HC|  |TAMS 0x00000000ea300000, 0x00000000ea200000| Complete 
| 163|0x00000000ea300000, 0x00000000ea400000, 0x00000000ea400000|100%|HC|  |TAMS 0x00000000ea400000, 0x00000000ea300000| Complete 
| 164|0x00000000ea400000, 0x00000000ea500000, 0x00000000ea500000|100%| O|  |TAMS 0x00000000ea500000, 0x00000000ea400000| Untracked 
| 165|0x00000000ea500000, 0x00000000ea500000, 0x00000000ea600000|  0%| F|  |TAMS 0x00000000ea500000, 0x00000000ea500000| Untracked 
| 166|0x00000000ea600000, 0x00000000ea700000, 0x00000000ea700000|100%| O|  |TAMS 0x00000000ea700000, 0x00000000ea600000| Untracked 
| 167|0x00000000ea700000, 0x00000000ea800000, 0x00000000ea800000|100%| O|  |TAMS 0x00000000ea800000, 0x00000000ea700000| Untracked 
| 168|0x00000000ea800000, 0x00000000ea900000, 0x00000000ea900000|100%| O|  |TAMS 0x00000000ea900000, 0x00000000ea800000| Untracked 
| 169|0x00000000ea900000, 0x00000000eaa00000, 0x00000000eaa00000|100%| O|  |TAMS 0x00000000eaa00000, 0x00000000ea900000| Untracked 
| 170|0x00000000eaa00000, 0x00000000eaa00000, 0x00000000eab00000|  0%| F|  |TAMS 0x00000000eaa00000, 0x00000000eaa00000| Untracked 
| 171|0x00000000eab00000, 0x00000000eab00000, 0x00000000eac00000|  0%| F|  |TAMS 0x00000000eab00000, 0x00000000eab00000| Untracked 
| 172|0x00000000eac00000, 0x00000000eac00000, 0x00000000ead00000|  0%| F|  |TAMS 0x00000000eac00000, 0x00000000eac00000| Untracked 
| 173|0x00000000ead00000, 0x00000000eae00000, 0x00000000eae00000|100%| O|  |TAMS 0x00000000eae00000, 0x00000000ead00000| Untracked 
| 174|0x00000000eae00000, 0x00000000eaf00000, 0x00000000eaf00000|100%| O|  |TAMS 0x00000000eaf00000, 0x00000000eae00000| Untracked 
| 175|0x00000000eaf00000, 0x00000000eb000000, 0x00000000eb000000|100%| O|  |TAMS 0x00000000eb000000, 0x00000000eaf00000| Untracked 
| 176|0x00000000eb000000, 0x00000000eb100000, 0x00000000eb100000|100%| O|  |TAMS 0x00000000eb100000, 0x00000000eb000000| Untracked 
| 177|0x00000000eb100000, 0x00000000eb200000, 0x00000000eb200000|100%| O|  |TAMS 0x00000000eb200000, 0x00000000eb100000| Untracked 
| 178|0x00000000eb200000, 0x00000000eb300000, 0x00000000eb300000|100%| O|  |TAMS 0x00000000eb300000, 0x00000000eb200000| Untracked 
| 179|0x00000000eb300000, 0x00000000eb300000, 0x00000000eb400000|  0%| F|  |TAMS 0x00000000eb300000, 0x00000000eb300000| Untracked 
| 180|0x00000000eb400000, 0x00000000eb400000, 0x00000000eb500000|  0%| F|  |TAMS 0x00000000eb400000, 0x00000000eb400000| Untracked 
| 181|0x00000000eb500000, 0x00000000eb500000, 0x00000000eb600000|  0%| F|  |TAMS 0x00000000eb500000, 0x00000000eb500000| Untracked 
| 182|0x00000000eb600000, 0x00000000eb600000, 0x00000000eb700000|  0%| F|  |TAMS 0x00000000eb600000, 0x00000000eb600000| Untracked 
| 183|0x00000000eb700000, 0x00000000eb700000, 0x00000000eb800000|  0%| F|  |TAMS 0x00000000eb700000, 0x00000000eb700000| Untracked 
| 184|0x00000000eb800000, 0x00000000eb800000, 0x00000000eb900000|  0%| F|  |TAMS 0x00000000eb800000, 0x00000000eb800000| Untracked 
| 185|0x00000000eb900000, 0x00000000eb900000, 0x00000000eba00000|  0%| F|  |TAMS 0x00000000eb900000, 0x00000000eb900000| Untracked 
| 186|0x00000000eba00000, 0x00000000eba00000, 0x00000000ebb00000|  0%| F|  |TAMS 0x00000000eba00000, 0x00000000eba00000| Untracked 
| 187|0x00000000ebb00000, 0x00000000ebb00000, 0x00000000ebc00000|  0%| F|  |TAMS 0x00000000ebb00000, 0x00000000ebb00000| Untracked 
| 188|0x00000000ebc00000, 0x00000000ebc00000, 0x00000000ebd00000|  0%| F|  |TAMS 0x00000000ebc00000, 0x00000000ebc00000| Untracked 
| 189|0x00000000ebd00000, 0x00000000ebd00000, 0x00000000ebe00000|  0%| F|  |TAMS 0x00000000ebd00000, 0x00000000ebd00000| Untracked 
| 190|0x00000000ebe00000, 0x00000000ebe00000, 0x00000000ebf00000|  0%| F|  |TAMS 0x00000000ebe00000, 0x00000000ebe00000| Untracked 
| 191|0x00000000ebf00000, 0x00000000ebf00000, 0x00000000ec000000|  0%| F|  |TAMS 0x00000000ebf00000, 0x00000000ebf00000| Untracked 
| 192|0x00000000ec000000, 0x00000000ec000000, 0x00000000ec100000|  0%| F|  |TAMS 0x00000000ec000000, 0x00000000ec000000| Untracked 
| 193|0x00000000ec100000, 0x00000000ec100000, 0x00000000ec200000|  0%| F|  |TAMS 0x00000000ec100000, 0x00000000ec100000| Untracked 
| 194|0x00000000ec200000, 0x00000000ec200000, 0x00000000ec300000|  0%| F|  |TAMS 0x00000000ec200000, 0x00000000ec200000| Untracked 
| 195|0x00000000ec300000, 0x00000000ec300000, 0x00000000ec400000|  0%| F|  |TAMS 0x00000000ec300000, 0x00000000ec300000| Untracked 
| 196|0x00000000ec400000, 0x00000000ec400000, 0x00000000ec500000|  0%| F|  |TAMS 0x00000000ec400000, 0x00000000ec400000| Untracked 
| 197|0x00000000ec500000, 0x00000000ec500000, 0x00000000ec600000|  0%| F|  |TAMS 0x00000000ec500000, 0x00000000ec500000| Untracked 
| 198|0x00000000ec600000, 0x00000000ec600000, 0x00000000ec700000|  0%| F|  |TAMS 0x00000000ec600000, 0x00000000ec600000| Untracked 
| 199|0x00000000ec700000, 0x00000000ec700000, 0x00000000ec800000|  0%| F|  |TAMS 0x00000000ec700000, 0x00000000ec700000| Untracked 
| 200|0x00000000ec800000, 0x00000000ec800000, 0x00000000ec900000|  0%| F|  |TAMS 0x00000000ec800000, 0x00000000ec800000| Untracked 
| 201|0x00000000ec900000, 0x00000000ec900000, 0x00000000eca00000|  0%| F|  |TAMS 0x00000000ec900000, 0x00000000ec900000| Untracked 
| 202|0x00000000eca00000, 0x00000000eca53ca8, 0x00000000ecb00000| 32%| E|  |TAMS 0x00000000eca00000, 0x00000000eca00000| Complete 
| 203|0x00000000ecb00000, 0x00000000ecc00000, 0x00000000ecc00000|100%| E|  |TAMS 0x00000000ecb00000, 0x00000000ecb00000| Complete 
| 204|0x00000000ecc00000, 0x00000000ecd00000, 0x00000000ecd00000|100%| E|CS|TAMS 0x00000000ecc00000, 0x00000000ecc00000| Complete 
| 205|0x00000000ecd00000, 0x00000000ece00000, 0x00000000ece00000|100%| E|CS|TAMS 0x00000000ecd00000, 0x00000000ecd00000| Complete 
| 206|0x00000000ece00000, 0x00000000ecf00000, 0x00000000ecf00000|100%| E|CS|TAMS 0x00000000ece00000, 0x00000000ece00000| Complete 
| 207|0x00000000ecf00000, 0x00000000ed000000, 0x00000000ed000000|100%| E|CS|TAMS 0x00000000ecf00000, 0x00000000ecf00000| Complete 
| 208|0x00000000ed000000, 0x00000000ed100000, 0x00000000ed100000|100%| E|CS|TAMS 0x00000000ed000000, 0x00000000ed000000| Complete 
| 209|0x00000000ed100000, 0x00000000ed200000, 0x00000000ed200000|100%| E|CS|TAMS 0x00000000ed100000, 0x00000000ed100000| Complete 
| 210|0x00000000ed200000, 0x00000000ed300000, 0x00000000ed300000|100%| E|CS|TAMS 0x00000000ed200000, 0x00000000ed200000| Complete 
| 211|0x00000000ed300000, 0x00000000ed400000, 0x00000000ed400000|100%| E|CS|TAMS 0x00000000ed300000, 0x00000000ed300000| Complete 
| 212|0x00000000ed400000, 0x00000000ed500000, 0x00000000ed500000|100%| E|CS|TAMS 0x00000000ed400000, 0x00000000ed400000| Complete 
| 213|0x00000000ed500000, 0x00000000ed600000, 0x00000000ed600000|100%| E|CS|TAMS 0x00000000ed500000, 0x00000000ed500000| Complete 
| 214|0x00000000ed600000, 0x00000000ed700000, 0x00000000ed700000|100%| E|CS|TAMS 0x00000000ed600000, 0x00000000ed600000| Complete 
| 215|0x00000000ed700000, 0x00000000ed800000, 0x00000000ed800000|100%| E|CS|TAMS 0x00000000ed700000, 0x00000000ed700000| Complete 
| 216|0x00000000ed800000, 0x00000000ed900000, 0x00000000ed900000|100%| E|CS|TAMS 0x00000000ed800000, 0x00000000ed800000| Complete 
| 217|0x00000000ed900000, 0x00000000eda00000, 0x00000000eda00000|100%| E|CS|TAMS 0x00000000ed900000, 0x00000000ed900000| Complete 
| 218|0x00000000eda00000, 0x00000000edb00000, 0x00000000edb00000|100%| E|CS|TAMS 0x00000000eda00000, 0x00000000eda00000| Complete 
| 219|0x00000000edb00000, 0x00000000edc00000, 0x00000000edc00000|100%| E|CS|TAMS 0x00000000edb00000, 0x00000000edb00000| Complete 
| 220|0x00000000edc00000, 0x00000000edd00000, 0x00000000edd00000|100%| E|CS|TAMS 0x00000000edc00000, 0x00000000edc00000| Complete 
| 221|0x00000000edd00000, 0x00000000ede00000, 0x00000000ede00000|100%| E|CS|TAMS 0x00000000edd00000, 0x00000000edd00000| Complete 
| 222|0x00000000ede00000, 0x00000000edf00000, 0x00000000edf00000|100%| E|CS|TAMS 0x00000000ede00000, 0x00000000ede00000| Complete 
| 223|0x00000000edf00000, 0x00000000ee000000, 0x00000000ee000000|100%| E|CS|TAMS 0x00000000edf00000, 0x00000000edf00000| Complete 
| 224|0x00000000ee000000, 0x00000000ee100000, 0x00000000ee100000|100%| E|CS|TAMS 0x00000000ee000000, 0x00000000ee000000| Complete 
| 225|0x00000000ee100000, 0x00000000ee200000, 0x00000000ee200000|100%| E|CS|TAMS 0x00000000ee100000, 0x00000000ee100000| Complete 
| 226|0x00000000ee200000, 0x00000000ee300000, 0x00000000ee300000|100%| E|CS|TAMS 0x00000000ee200000, 0x00000000ee200000| Complete 
| 227|0x00000000ee300000, 0x00000000ee400000, 0x00000000ee400000|100%| E|CS|TAMS 0x00000000ee300000, 0x00000000ee300000| Complete 
| 228|0x00000000ee400000, 0x00000000ee500000, 0x00000000ee500000|100%| E|CS|TAMS 0x00000000ee400000, 0x00000000ee400000| Complete 
| 229|0x00000000ee500000, 0x00000000ee600000, 0x00000000ee600000|100%| E|CS|TAMS 0x00000000ee500000, 0x00000000ee500000| Complete 
| 230|0x00000000ee600000, 0x00000000ee700000, 0x00000000ee700000|100%| E|CS|TAMS 0x00000000ee600000, 0x00000000ee600000| Complete 
| 231|0x00000000ee700000, 0x00000000ee800000, 0x00000000ee800000|100%| E|CS|TAMS 0x00000000ee700000, 0x00000000ee700000| Complete 
| 232|0x00000000ee800000, 0x00000000ee900000, 0x00000000ee900000|100%| E|CS|TAMS 0x00000000ee800000, 0x00000000ee800000| Complete 
| 233|0x00000000ee900000, 0x00000000eea00000, 0x00000000eea00000|100%| E|CS|TAMS 0x00000000ee900000, 0x00000000ee900000| Complete 
| 234|0x00000000eea00000, 0x00000000eeb00000, 0x00000000eeb00000|100%| E|CS|TAMS 0x00000000eea00000, 0x00000000eea00000| Complete 
| 235|0x00000000eeb00000, 0x00000000eec00000, 0x00000000eec00000|100%| E|CS|TAMS 0x00000000eeb00000, 0x00000000eeb00000| Complete 
| 236|0x00000000eec00000, 0x00000000eed00000, 0x00000000eed00000|100%| E|CS|TAMS 0x00000000eec00000, 0x00000000eec00000| Complete 
| 237|0x00000000eed00000, 0x00000000eee00000, 0x00000000eee00000|100%| E|CS|TAMS 0x00000000eed00000, 0x00000000eed00000| Complete 
| 238|0x00000000eee00000, 0x00000000eef00000, 0x00000000eef00000|100%| E|CS|TAMS 0x00000000eee00000, 0x00000000eee00000| Complete 
| 239|0x00000000eef00000, 0x00000000ef000000, 0x00000000ef000000|100%| E|CS|TAMS 0x00000000eef00000, 0x00000000eef00000| Complete 
| 240|0x00000000ef000000, 0x00000000ef100000, 0x00000000ef100000|100%| E|CS|TAMS 0x00000000ef000000, 0x00000000ef000000| Complete 
| 241|0x00000000ef100000, 0x00000000ef200000, 0x00000000ef200000|100%| E|CS|TAMS 0x00000000ef100000, 0x00000000ef100000| Complete 
| 242|0x00000000ef200000, 0x00000000ef300000, 0x00000000ef300000|100%| E|CS|TAMS 0x00000000ef200000, 0x00000000ef200000| Complete 
| 243|0x00000000ef300000, 0x00000000ef400000, 0x00000000ef400000|100%| E|CS|TAMS 0x00000000ef300000, 0x00000000ef300000| Complete 
| 244|0x00000000ef400000, 0x00000000ef500000, 0x00000000ef500000|100%| E|CS|TAMS 0x00000000ef400000, 0x00000000ef400000| Complete 
| 245|0x00000000ef500000, 0x00000000ef600000, 0x00000000ef600000|100%| E|CS|TAMS 0x00000000ef500000, 0x00000000ef500000| Complete 
| 246|0x00000000ef600000, 0x00000000ef700000, 0x00000000ef700000|100%| E|CS|TAMS 0x00000000ef600000, 0x00000000ef600000| Complete 
| 247|0x00000000ef700000, 0x00000000ef800000, 0x00000000ef800000|100%| S|CS|TAMS 0x00000000ef700000, 0x00000000ef700000| Complete 
| 248|0x00000000ef800000, 0x00000000ef900000, 0x00000000ef900000|100%| S|CS|TAMS 0x00000000ef800000, 0x00000000ef800000| Complete 
| 249|0x00000000ef900000, 0x00000000efa00000, 0x00000000efa00000|100%| E|CS|TAMS 0x00000000ef900000, 0x00000000ef900000| Complete 
| 250|0x00000000efa00000, 0x00000000efb00000, 0x00000000efb00000|100%| E|CS|TAMS 0x00000000efa00000, 0x00000000efa00000| Complete 
| 251|0x00000000efb00000, 0x00000000efc00000, 0x00000000efc00000|100%| E|CS|TAMS 0x00000000efb00000, 0x00000000efb00000| Complete 
| 252|0x00000000efc00000, 0x00000000efd00000, 0x00000000efd00000|100%| E|CS|TAMS 0x00000000efc00000, 0x00000000efc00000| Complete 
| 253|0x00000000efd00000, 0x00000000efe00000, 0x00000000efe00000|100%| E|CS|TAMS 0x00000000efd00000, 0x00000000efd00000| Complete 
| 254|0x00000000efe00000, 0x00000000eff00000, 0x00000000eff00000|100%| E|CS|TAMS 0x00000000efe00000, 0x00000000efe00000| Complete 
| 255|0x00000000eff00000, 0x00000000f0000000, 0x00000000f0000000|100%| E|CS|TAMS 0x00000000eff00000, 0x00000000eff00000| Complete 

Card table byte_map: [0x000001b4e1c10000,0x000001b4e1d10000] _byte_map_base: 0x000001b4e1510000

Marking Bits (Prev, Next): (CMBitMap*) 0x000001b4cb1526c0, (CMBitMap*) 0x000001b4cb152688
 Prev Bits: [0x000001b4e2610000, 0x000001b4e2e10000)
 Next Bits: [0x000001b4e1e10000, 0x000001b4e2610000)

Polling page: 0x000001b4ca910000

Metaspace:

Usage:
  Non-class:     78.14 MB capacity,    75.81 MB ( 97%) used,     1.96 MB (  3%) free+waste,   368.13 KB ( <1%) overhead. 
      Class:     12.05 MB capacity,    10.84 MB ( 90%) used,     1.04 MB (  9%) free+waste,   170.81 KB (  1%) overhead. 
       Both:     90.18 MB capacity,    86.65 MB ( 96%) used,     3.01 MB (  3%) free+waste,   538.94 KB ( <1%) overhead. 

Virtual space:
  Non-class space:       82.00 MB reserved,      80.50 MB ( 98%) committed 
      Class space:      248.00 MB reserved,      12.50 MB (  5%) committed 
             Both:      330.00 MB reserved,      93.00 MB ( 28%) committed 

Chunk freelists:
   Non-Class:  294.63 KB
       Class:  47.75 KB
        Both:  342.38 KB

CodeHeap 'non-profiled nmethods': size=120000Kb used=12238Kb max_used=12238Kb free=107761Kb
 bounds [0x000001b4da2b0000, 0x000001b4daeb0000, 0x000001b4e17e0000]
CodeHeap 'profiled nmethods': size=120000Kb used=37641Kb max_used=39874Kb free=82358Kb
 bounds [0x000001b4d2d80000, 0x000001b4d5480000, 0x000001b4da2b0000]
CodeHeap 'non-nmethods': size=5760Kb used=2276Kb max_used=2374Kb free=3483Kb
 bounds [0x000001b4d27e0000, 0x000001b4d2a50000, 0x000001b4d2d80000]
 total_blobs=18148 nmethods=17267 adapters=791
 compilation: enabled
              stopped_count=0, restarted_count=0
 full_count=0

Compilation events (10 events):
Event: 2802.822 Thread 0x000001b4e589c000 nmethod 20449 0x000001b4d35e6290 code [0x000001b4d35e6440, 0x000001b4d35e6698]
Event: 2802.822 Thread 0x000001b4e589c000 20450       3       java.security.DrbgParameters::nextBytes (11 bytes)
Event: 2802.822 Thread 0x000001b4e589c000 nmethod 20450 0x000001b4d35bb510 code [0x000001b4d35bb6c0, 0x000001b4d35bb848]
Event: 2802.843 Thread 0x000001b4e5899800 20451       4       java.lang.Class::getMethod (59 bytes)
Event: 2802.996 Thread 0x000001b4e589c000 20452       3       org.gradle.internal.extensibility.ExtensibleDynamicObject::<init> (19 bytes)
Event: 2802.998 Thread 0x000001b4e589c000 nmethod 20452 0x000001b4d37dae10 code [0x000001b4d37dafe0, 0x000001b4d37db368]
Event: 2802.998 Thread 0x000001b4e589c000 20453       3       org.gradle.internal.extensibility.ExtensibleDynamicObject::createDynamicObject (10 bytes)
Event: 2802.999 Thread 0x000001b4e589c000 nmethod 20453 0x000001b4d35e7210 code [0x000001b4d35e73c0, 0x000001b4d35e75c8]
Event: 2803.104 Thread 0x000001b4e589c000 20454       1       org.gradle.model.internal.registry.ModelNodeInternal::getState (5 bytes)
Event: 2803.104 Thread 0x000001b4e589c000 nmethod 20454 0x000001b4daea7410 code [0x000001b4daea75a0, 0x000001b4daea7658]

GC Heap History (10 events):
Event: 2094.784 GC heap before
{Heap before GC invocations=112 (full 0):
 garbage-first heap   total 262144K, used 165281K [0x00000000e0000000, 0x0000000100000000)
  region size 1024K, 11 young (11264K), 2 survivors (2048K)
 Metaspace       used 87530K, capacity 90861K, committed 95232K, reserved 337920K
  class space    used 10944K, capacity 12117K, committed 12800K, reserved 253952K
}
Event: 2094.802 GC heap after
{Heap after GC invocations=113 (full 0):
 garbage-first heap   total 262144K, used 157686K [0x00000000e0000000, 0x0000000100000000)
  region size 1024K, 4 young (4096K), 4 survivors (4096K)
 Metaspace       used 87530K, capacity 90861K, committed 95232K, reserved 337920K
  class space    used 10944K, capacity 12117K, committed 12800K, reserved 253952K
}
Event: 2344.039 GC heap before
{Heap before GC invocations=114 (full 0):
 garbage-first heap   total 262144K, used 205814K [0x00000000e0000000, 0x0000000100000000)
  region size 1024K, 51 young (52224K), 4 survivors (4096K)
 Metaspace       used 87687K, capacity 91110K, committed 95232K, reserved 337920K
  class space    used 10962K, capacity 12151K, committed 12800K, reserved 253952K
}
Event: 2344.137 GC heap after
{Heap after GC invocations=115 (full 0):
 garbage-first heap   total 262144K, used 161819K [0x00000000e0000000, 0x0000000100000000)
  region size 1024K, 7 young (7168K), 7 survivors (7168K)
 Metaspace       used 87687K, capacity 91110K, committed 95232K, reserved 337920K
  class space    used 10962K, capacity 12151K, committed 12800K, reserved 253952K
}
Event: 2345.112 GC heap before
{Heap before GC invocations=115 (full 0):
 garbage-first heap   total 262144K, used 208923K [0x00000000e0000000, 0x0000000100000000)
  region size 1024K, 54 young (55296K), 7 survivors (7168K)
 Metaspace       used 87691K, capacity 91110K, committed 95232K, reserved 337920K
  class space    used 10962K, capacity 12151K, committed 12800K, reserved 253952K
}
Event: 2345.175 GC heap after
{Heap after GC invocations=116 (full 0):
 garbage-first heap   total 262144K, used 160347K [0x00000000e0000000, 0x0000000100000000)
  region size 1024K, 3 young (3072K), 3 survivors (3072K)
 Metaspace       used 87691K, capacity 91110K, committed 95232K, reserved 337920K
  class space    used 10962K, capacity 12151K, committed 12800K, reserved 253952K
}
Event: 2347.461 GC heap before
{Heap before GC invocations=117 (full 0):
 garbage-first heap   total 262144K, used 213558K [0x00000000e0000000, 0x0000000100000000)
  region size 1024K, 53 young (54272K), 3 survivors (3072K)
 Metaspace       used 87693K, capacity 91101K, committed 95232K, reserved 337920K
  class space    used 10962K, capacity 12151K, committed 12800K, reserved 253952K
}
Event: 2347.470 GC heap after
{Heap after GC invocations=118 (full 0):
 garbage-first heap   total 262144K, used 162879K [0x00000000e0000000, 0x0000000100000000)
  region size 1024K, 5 young (5120K), 5 survivors (5120K)
 Metaspace       used 87693K, capacity 91101K, committed 95232K, reserved 337920K
  class space    used 10962K, capacity 12151K, committed 12800K, reserved 253952K
}
Event: 2347.585 GC heap before
{Heap before GC invocations=118 (full 0):
 garbage-first heap   total 262144K, used 170047K [0x00000000e0000000, 0x0000000100000000)
  region size 1024K, 12 young (12288K), 5 survivors (5120K)
 Metaspace       used 87693K, capacity 91101K, committed 95232K, reserved 337920K
  class space    used 10962K, capacity 12151K, committed 12800K, reserved 253952K
}
Event: 2347.636 GC heap after
{Heap after GC invocations=119 (full 0):
 garbage-first heap   total 262144K, used 161742K [0x00000000e0000000, 0x0000000100000000)
  region size 1024K, 2 young (2048K), 2 survivors (2048K)
 Metaspace       used 87693K, capacity 91101K, committed 95232K, reserved 337920K
  class space    used 10962K, capacity 12151K, committed 12800K, reserved 253952K
}

Deoptimization events (10 events):
Event: 2343.090 Thread 0x000001b4eb09c800 Uncommon trap: reason=profile_predicate action=maybe_recompile pc=0x000001b4da7f0f08 method=org.gradle.internal.component.external.model.maven.DefaultMavenModuleResolveMetadata.filterDependencies(Lorg/gradle/internal/component/external/model/DefaultConfig
Event: 2343.117 Thread 0x000001b4eb09c800 Uncommon trap: reason=profile_predicate action=maybe_recompile pc=0x000001b4da7f0f08 method=org.gradle.internal.component.external.model.maven.DefaultMavenModuleResolveMetadata.filterDependencies(Lorg/gradle/internal/component/external/model/DefaultConfig
Event: 2343.125 Thread 0x000001b4eb09c800 Uncommon trap: reason=profile_predicate action=maybe_recompile pc=0x000001b4da7f0f08 method=org.gradle.internal.component.external.model.maven.DefaultMavenModuleResolveMetadata.filterDependencies(Lorg/gradle/internal/component/external/model/DefaultConfig
Event: 2799.110 Thread 0x000001b4eb09b800 Uncommon trap: reason=unstable_if action=reinterpret pc=0x000001b4dab16268 method=java.lang.reflect.Constructor.acquireConstructorAccessor()Ljdk/internal/reflect/ConstructorAccessor; @ 18 c2
Event: 2801.138 Thread 0x000001b4eb09f000 Uncommon trap: reason=unstable_if action=reinterpret pc=0x000001b4da88ed90 method=java.lang.ref.SoftReference.get()Ljava/lang/Object; @ 6 c2
Event: 2802.681 Thread 0x000001b4eb09f000 Uncommon trap: reason=profile_predicate action=maybe_recompile pc=0x000001b4daea47d0 method=groovy.lang.MetaClassImpl$MethodIndexAction.iterate()V @ 78 c2
Event: 2802.716 Thread 0x000001b4eb09f000 Uncommon trap: reason=profile_predicate action=maybe_recompile pc=0x000001b4daea47d0 method=groovy.lang.MetaClassImpl$MethodIndexAction.iterate()V @ 78 c2
Event: 2802.716 Thread 0x000001b4eb09f000 Uncommon trap: reason=profile_predicate action=maybe_recompile pc=0x000001b4daea47d0 method=groovy.lang.MetaClassImpl$MethodIndexAction.iterate()V @ 78 c2
Event: 2802.725 Thread 0x000001b4eb09f000 Uncommon trap: reason=profile_predicate action=maybe_recompile pc=0x000001b4daea47d0 method=groovy.lang.MetaClassImpl$MethodIndexAction.iterate()V @ 78 c2
Event: 2802.840 Thread 0x000001b4eb09f000 Uncommon trap: reason=unstable_if action=reinterpret pc=0x000001b4da433ae0 method=java.util.Arrays.equals([Ljava/lang/Object;[Ljava/lang/Object;)Z @ 12 c2

Classes redefined (0 events):
No events

Internal exceptions (10 events):
Event: 2802.754 Thread 0x000001b4eb09f000 Exception <a 'java/lang/ClassNotFoundException'{0x00000000ecd5f838}: org/jetbrains/plugins/gradle/tooling/builder/ProjectExtensionsDataBuilderImplCustomizer> (0x00000000ecd5f838) thrown at [./open/src/hotspot/share/classfile/systemDictionary.cpp, line 226
Event: 2802.759 Thread 0x000001b4eb09f000 Exception <a 'java/lang/ClassNotFoundException'{0x00000000ecd925c0}: org/jetbrains/plugins/gradle/tooling/builder/IntelliJSettingsBuilderBeanInfo> (0x00000000ecd925c0) thrown at [./open/src/hotspot/share/classfile/systemDictionary.cpp, line 226]
Event: 2802.761 Thread 0x000001b4eb09f000 Exception <a 'java/lang/ClassNotFoundException'{0x00000000ecd9c688}: org/jetbrains/plugins/gradle/tooling/builder/IntelliJSettingsBuilderCustomizer> (0x00000000ecd9c688) thrown at [./open/src/hotspot/share/classfile/systemDictionary.cpp, line 226]
Event: 2802.767 Thread 0x000001b4eb09f000 Exception <a 'java/lang/ClassNotFoundException'{0x00000000ecdcf940}: org/jetbrains/plugins/gradle/tooling/builder/IntelliJProjectSettingsBuilderBeanInfo> (0x00000000ecdcf940) thrown at [./open/src/hotspot/share/classfile/systemDictionary.cpp, line 226]
Event: 2802.770 Thread 0x000001b4eb09f000 Exception <a 'java/lang/ClassNotFoundException'{0x00000000ecdd9cb8}: org/jetbrains/plugins/gradle/tooling/builder/IntelliJProjectSettingsBuilderCustomizer> (0x00000000ecdd9cb8) thrown at [./open/src/hotspot/share/classfile/systemDictionary.cpp, line 226]
Event: 2802.840 Thread 0x000001b4eb09f000 Implicit null exception at 0x000001b4da4339c4 to 0x000001b4da433acd
Event: 2802.869 Thread 0x000001b4eb09f000 Exception <a 'java/lang/ClassNotFoundException'{0x00000000eccc7bd0}: org/jetbrains/plugins/gradle/model/web/WebConfigurationBeanInfo> (0x00000000eccc7bd0) thrown at [./open/src/hotspot/share/classfile/systemDictionary.cpp, line 226]
Event: 2802.871 Thread 0x000001b4eb09f000 Exception <a 'java/lang/ClassNotFoundException'{0x00000000eccd6210}: org/jetbrains/plugins/gradle/model/web/WebConfigurationCustomizer> (0x00000000eccd6210) thrown at [./open/src/hotspot/share/classfile/systemDictionary.cpp, line 226]
Event: 2802.879 Thread 0x000001b4eb09f000 Exception <a 'java/lang/ClassNotFoundException'{0x00000000ecb00f58}: org/jetbrains/plugins/gradle/model/scala/ScalaModelBeanInfo> (0x00000000ecb00f58) thrown at [./open/src/hotspot/share/classfile/systemDictionary.cpp, line 226]
Event: 2802.880 Thread 0x000001b4eb09f000 Exception <a 'java/lang/ClassNotFoundException'{0x00000000ecb0f448}: org/jetbrains/plugins/gradle/model/scala/ScalaModelCustomizer> (0x00000000ecb0f448) thrown at [./open/src/hotspot/share/classfile/systemDictionary.cpp, line 226]

Events (10 events):
Event: 2802.880 loading class org/jetbrains/plugins/gradle/model/scala/ScalaModelCustomizer done
Event: 2802.882 Executing VM operation: RevokeBias
Event: 2802.882 Executing VM operation: RevokeBias done
Event: 2802.883 Executing VM operation: RevokeBias
Event: 2802.883 Executing VM operation: RevokeBias done
Event: 2802.884 loading class org/codehaus/groovy/runtime/typehandling/DefaultTypeTransformation
Event: 2802.884 loading class org/codehaus/groovy/runtime/typehandling/DefaultTypeTransformation done
Event: 2802.926 Thread 0x000001b4eb0a5800 Thread added: 0x000001b4eb0a5800
Event: 2803.045 Executing VM operation: RevokeBias
Event: 2803.045 Executing VM operation: RevokeBias done


Dynamic libraries:
0x00007ff63f300000 - 0x00007ff63f30f000 	C:\Program Files\Java\jdk-11.0.16.1\bin\java.exe
0x00007ffdddf80000 - 0x00007ffdde189000 	C:\WINDOWS\SYSTEM32\ntdll.dll
0x00007ffddd7a0000 - 0x00007ffddd85d000 	C:\WINDOWS\System32\KERNEL32.DLL
0x00007ffddb850000 - 0x00007ffddbbcd000 	C:\WINDOWS\System32\KERNELBASE.dll
0x00007ffddbcf0000 - 0x00007ffddbe01000 	C:\WINDOWS\System32\ucrtbase.dll
0x00007ffdc8ba0000 - 0x00007ffdc8bb5000 	C:\Program Files\Java\jdk-11.0.16.1\bin\VCRUNTIME140.dll
0x00007ffd98ae0000 - 0x00007ffd98af8000 	C:\Program Files\Java\jdk-11.0.16.1\bin\jli.dll
0x00007ffddd900000 - 0x00007ffddd9ae000 	C:\WINDOWS\System32\ADVAPI32.dll
0x00007ffddcf20000 - 0x00007ffddcfc3000 	C:\WINDOWS\System32\msvcrt.dll
0x00007ffddd860000 - 0x00007ffddd8fe000 	C:\WINDOWS\System32\sechost.dll
0x00007ffddd680000 - 0x00007ffddd7a0000 	C:\WINDOWS\System32\RPCRT4.dll
0x00007ffdddb80000 - 0x00007ffdddd2d000 	C:\WINDOWS\System32\USER32.dll
0x00007ffddb460000 - 0x00007ffddb486000 	C:\WINDOWS\System32\win32u.dll
0x00007ffdddb50000 - 0x00007ffdddb79000 	C:\WINDOWS\System32\GDI32.dll
0x00007ffdc17a0000 - 0x00007ffdc1a45000 	C:\WINDOWS\WinSxS\amd64_microsoft.windows.common-controls_6595b64144ccf1df_6.0.22000.120_none_9d947278b86cc467\COMCTL32.dll
0x00007ffddbbd0000 - 0x00007ffddbce8000 	C:\WINDOWS\System32\gdi32full.dll
0x00007ffddb510000 - 0x00007ffddb5ad000 	C:\WINDOWS\System32\msvcp_win.dll
0x00007ffdcc5b0000 - 0x00007ffdcc5ba000 	C:\WINDOWS\SYSTEM32\VERSION.dll
0x00007ffddd620000 - 0x00007ffddd651000 	C:\WINDOWS\System32\IMM32.DLL
0x00007ffd736d0000 - 0x00007ffd7376b000 	C:\Program Files\Java\jdk-11.0.16.1\bin\msvcp140.dll
0x00007ffd521f0000 - 0x00007ffd52d08000 	C:\Program Files\Java\jdk-11.0.16.1\bin\server\jvm.dll
0x00007ffddbe80000 - 0x00007ffddbe88000 	C:\WINDOWS\System32\PSAPI.DLL
0x00007ffdcf3d0000 - 0x00007ffdcf403000 	C:\WINDOWS\SYSTEM32\WINMM.dll
0x00007ffdbc710000 - 0x00007ffdbc719000 	C:\WINDOWS\SYSTEM32\WSOCK32.dll
0x00007ffddccc0000 - 0x00007ffddcd2f000 	C:\WINDOWS\System32\WS2_32.dll
0x00007ffdda650000 - 0x00007ffdda668000 	C:\WINDOWS\SYSTEM32\kernel.appcore.dll
0x00007ffdc8b90000 - 0x00007ffdc8ba0000 	C:\Program Files\Java\jdk-11.0.16.1\bin\verify.dll
0x00007ffdd5a70000 - 0x00007ffdd5c91000 	C:\WINDOWS\SYSTEM32\DBGHELP.DLL
0x00007ffdbca80000 - 0x00007ffdbcab1000 	C:\WINDOWS\SYSTEM32\dbgcore.DLL
0x00007ffddb490000 - 0x00007ffddb50f000 	C:\WINDOWS\System32\bcryptPrimitives.dll
0x00007ffd90640000 - 0x00007ffd90668000 	C:\Program Files\Java\jdk-11.0.16.1\bin\java.dll
0x00007ffdc6940000 - 0x00007ffdc694a000 	C:\Program Files\Java\jdk-11.0.16.1\bin\jimage.dll
0x00007ffd906f0000 - 0x00007ffd90706000 	C:\Program Files\Java\jdk-11.0.16.1\bin\zip.dll
0x00007ffddbe90000 - 0x00007ffddc648000 	C:\WINDOWS\System32\SHELL32.dll
0x00007ffdd95e0000 - 0x00007ffdd9e48000 	C:\WINDOWS\SYSTEM32\windows.storage.dll
0x00007ffddc940000 - 0x00007ffddccb9000 	C:\WINDOWS\System32\combase.dll
0x00007ffdd9470000 - 0x00007ffdd95d6000 	C:\WINDOWS\SYSTEM32\wintypes.dll
0x00007ffddddf0000 - 0x00007ffdddeda000 	C:\WINDOWS\System32\SHCORE.dll
0x00007ffddc6d0000 - 0x00007ffddc72d000 	C:\WINDOWS\System32\shlwapi.dll
0x00007ffddb390000 - 0x00007ffddb3b1000 	C:\WINDOWS\SYSTEM32\profapi.dll
0x00007ffd90500000 - 0x00007ffd90519000 	C:\Program Files\Java\jdk-11.0.16.1\bin\net.dll
0x00007ffdd4470000 - 0x00007ffdd457c000 	C:\WINDOWS\SYSTEM32\WINHTTP.dll
0x00007ffddaa80000 - 0x00007ffddaae7000 	C:\WINDOWS\system32\mswsock.dll
0x00007ffd7c8f0000 - 0x00007ffd7c902000 	C:\Program Files\Java\jdk-11.0.16.1\bin\nio.dll
0x00007ffda7a50000 - 0x00007ffda7a77000 	C:\Users\park\.gradle\native\e1d6ef7f7dcc3fd88c89a11ec53ec762bb8ba0a96d01ffa2cd45eb1d1d8dd5c5\windows-amd64\native-platform.dll
0x00007ffd72f10000 - 0x00007ffd73054000 	C:\Users\park\.gradle\native\0d407fdbe67a94daf76414ababcb853783967236a71b16ec16e742cd7a986fd3\windows-amd64\native-platform-file-events.dll
0x00007ffdc4930000 - 0x00007ffdc4939000 	C:\Program Files\Java\jdk-11.0.16.1\bin\management.dll
0x00007ffdbf9f0000 - 0x00007ffdbf9fb000 	C:\Program Files\Java\jdk-11.0.16.1\bin\management_ext.dll
0x00007ffddacc0000 - 0x00007ffddacd8000 	C:\WINDOWS\SYSTEM32\CRYPTSP.dll
0x00007ffdda5b0000 - 0x00007ffdda5e5000 	C:\WINDOWS\system32\rsaenh.dll
0x00007ffddab70000 - 0x00007ffddab99000 	C:\WINDOWS\SYSTEM32\USERENV.dll
0x00007ffddae40000 - 0x00007ffddae67000 	C:\WINDOWS\SYSTEM32\bcrypt.dll
0x00007ffddace0000 - 0x00007ffddacec000 	C:\WINDOWS\SYSTEM32\CRYPTBASE.dll
0x00007ffdda100000 - 0x00007ffdda12d000 	C:\WINDOWS\SYSTEM32\IPHLPAPI.DLL
0x00007ffddd610000 - 0x00007ffddd619000 	C:\WINDOWS\System32\NSI.dll
0x00007ffdcf6e0000 - 0x00007ffdcf6f9000 	C:\WINDOWS\SYSTEM32\dhcpcsvc6.DLL
0x00007ffdcfb80000 - 0x00007ffdcfb9e000 	C:\WINDOWS\SYSTEM32\dhcpcsvc.DLL
0x00007ffdda130000 - 0x00007ffdda218000 	C:\WINDOWS\SYSTEM32\DNSAPI.dll

dbghelp: loaded successfully - version: 4.0.5 - missing functions: none
symbol engine: initialized successfully - sym options: 0x614 - pdb path: .;C:\Program Files\Java\jdk-11.0.16.1\bin;C:\WINDOWS\SYSTEM32;C:\WINDOWS\WinSxS\amd64_microsoft.windows.common-controls_6595b64144ccf1df_6.0.22000.120_none_9d947278b86cc467;C:\Program Files\Java\jdk-11.0.16.1\bin\server;C:\Users\park\.gradle\native\e1d6ef7f7dcc3fd88c89a11ec53ec762bb8ba0a96d01ffa2cd45eb1d1d8dd5c5\windows-amd64;C:\Users\park\.gradle\native\0d407fdbe67a94daf76414ababcb853783967236a71b16ec16e742cd7a986fd3\windows-amd64

VM Arguments:
jvm_args: --add-opens=java.base/java.util=ALL-UNNAMED --add-opens=java.base/java.lang=ALL-UNNAMED --add-opens=java.base/java.lang.invoke=ALL-UNNAMED --add-opens=java.base/java.util=ALL-UNNAMED --add-opens=java.prefs/java.util.prefs=ALL-UNNAMED --add-opens=java.prefs/java.util.prefs=ALL-UNNAMED --add-opens=java.base/java.nio.charset=ALL-UNNAMED --add-opens=java.base/java.net=ALL-UNNAMED --add-opens=java.base/java.util.concurrent.atomic=ALL-UNNAMED -XX:MaxMetaspaceSize=256m -XX:+HeapDumpOnOutOfMemoryError -Xms256m -Xmx512m -Dfile.encoding=x-windows-949 -Duser.country=KR -Duser.language=ko -Duser.variant 
java_command: org.gradle.launcher.daemon.bootstrap.GradleDaemon 7.5
java_class_path (initial): C:\Users\park\.gradle\wrapper\dists\gradle-7.5-bin\f1w0cc9nuo0eivz97x2xlu9sv\gradle-7.5\lib\gradle-launcher-7.5.jar
Launcher Type: SUN_STANDARD

[Global flags]
     intx CICompilerCount                          = 4                                         {product} {ergonomic}
   size_t CompressedClassSpaceSize                 = 260046848                                 {product} {ergonomic}
     uint ConcGCThreads                            = 2                                         {product} {ergonomic}
     uint G1ConcRefinementThreads                  = 8                                         {product} {ergonomic}
   size_t G1HeapRegionSize                         = 1048576                                   {product} {ergonomic}
    uintx GCDrainStackTargetSize                   = 64                                        {product} {ergonomic}
     bool HeapDumpOnOutOfMemoryError               = true                                   {manageable} {command line}
   size_t InitialHeapSize                          = 268435456                                 {product} {command line}
   size_t MarkStackSize                            = 4194304                                   {product} {ergonomic}
   size_t MaxHeapSize                              = 536870912                                 {product} {command line}
   size_t MaxMetaspaceSize                         = 268435456                                 {product} {command line}
   size_t MaxNewSize                               = 321912832                                 {product} {ergonomic}
   size_t MinHeapDeltaBytes                        = 1048576                                   {product} {ergonomic}
    uintx NonNMethodCodeHeapSize                   = 5836300                                {pd product} {ergonomic}
    uintx NonProfiledCodeHeapSize                  = 122910970                              {pd product} {ergonomic}
    uintx ProfiledCodeHeapSize                     = 122910970                              {pd product} {ergonomic}
    uintx ReservedCodeCacheSize                    = 251658240                              {pd product} {ergonomic}
     bool SegmentedCodeCache                       = true                                      {product} {ergonomic}
     bool UseCompressedClassPointers               = true                                 {lp64_product} {ergonomic}
     bool UseCompressedOops                        = true                                 {lp64_product} {ergonomic}
     bool UseG1GC                                  = true                                      {product} {ergonomic}
     bool UseLargePagesIndividualAllocation        = false                                  {pd product} {ergonomic}

Logging:
Log output configuration:
 #0: stdout all=warning uptime,level,tags
 #1: stderr all=off uptime,level,tags

Environment Variables:
PATH=C:\Program Files\Eclipse Adoptium\jdk-17.0.4.8-hotspot\bin;C:\oraclexe\app\oracle\product\11.2.0\server\bin;C:\Program Files\Common Files\Oracle\Java\javapath;C:\Program Files (x86)\Common Files\Oracle\Java\javapath;C:\Program Files (x86)\NAT Service;C:\WINDOWS\system32;C:\WINDOWS;C:\WINDOWS\System32\Wbem;C:\WINDOWS\System32\WindowsPowerShell\v1.0\;C:\Program Files (x86)\Intel\Intel(R) Management Engine Components\DAL;C:\Program Files\Intel\Intel(R) Management Engine Components\DAL;C:\Program Files (x86)\Intel\Intel(R) Management Engine Components\IPT;C:\Program Files\Intel\Intel(R) Management Engine Components\IPT;C:\WINDOWS\System32\OpenSSH\;C:\Program Files\Microsoft SQL Server\130\Tools\Binn\;C:\Program Files\Intel\WiFi\bin\;C:\Program Files\Common Files\Intel\WirelessCommon\;C:\Program Files\dotnet\;C:\Program Files\Microsoft SQL Server\Client SDK\ODBC\170\Tools\Binn\;C:\Program Files\Git\cmd;C:\Program Files\NVIDIA Corporation\Nsight Compute 2022.2.0\;C:\Program Files\Google Protobuf\bin;C:\Users\park\Anaconda3;C:\Users\park\Anaconda3\Scripts;C:\Users\park\Anaconda3\Library;C:\Program Files\MySQL\MySQL Shell 8.0\bin\;C:\Users\park\AppData\Local\Programs\Python\Python39\Scripts\;C:\Users\park\AppData\Local\Programs\Python\Python39\;C:\Users\park\AppData\Local\Microsoft\WindowsApps;C:\Users\park\AppData\Local\Programs\Microsoft VS Code\bin;C:\opencv\build\x64\vc15\bin;C:\Program Files\JetBrains\PyCharm Community Edition 2022.1.3\bin;;C:\Users\park\AppData\Local\GitHubDesktop\bin;C:\Program Files\JetBrains\IntelliJ IDEA Community Edition 2022.2\bin;;C:\Program Files\JetBrains\IntelliJ IDEA 2022.2.1\bin;
USERNAME=park
OS=Windows_NT
PROCESSOR_IDENTIFIER=Intel64 Family 6 Model 142 Stepping 10, GenuineIntel



---------------  S Y S T E M  ---------------

OS: Windows 11 , 64 bit Build 22000 (10.0.22000.708)

CPU:total 8 (initial active 8) (4 cores per cpu, 2 threads per core) family 6 model 142 stepping 10 microcode 0xf0, cmov, cx8, fxsr, mmx, sse, sse2, sse3, ssse3, sse4.1, sse4.2, popcnt, avx, avx2, aes, clmul, erms, 3dnowpref, lzcnt, ht, tsc, tscinvbit, bmi1, bmi2, adx, fma

Memory: 4k page, system-wide physical 8046M (181M free)
TotalPageFile size 27928M (AvailPageFile size 22M)
current process WorkingSet (physical memory assigned to process): 169M, peak: 467M
current process commit charge ("private bytes"): 584M, peak: 592M

vm_info: Java HotSpot(TM) 64-Bit Server VM (11.0.16.1+1-LTS-1) for windows-amd64 JRE (11.0.16.1+1-LTS-1), built on Aug 16 2022 01:46:01 by "mach5one" with MS VC++ 15.9 (VS2017)

END.
