#
# There is insufficient memory for the Java Runtime Environment to continue.
# Native memory allocation (malloc) failed to allocate 524288 bytes for AllocateHeap
# Possible reasons:
#   The system is out of physical RAM or swap space
#   The process is running with CompressedOops enabled, and the Java Heap may be blocking the growth of the native heap
# Possible solutions:
#   Reduce memory load on the system
#   Increase physical memory or swap space
#   Check if swap backing store is full
#   Decrease Java heap size (-Xmx/-Xms)
#   Decrease number of Java threads
#   Decrease Java thread stack sizes (-Xss)
#   Set larger code cache with -XX:ReservedCodeCacheSize=
#   JVM is running with Unscaled Compressed Oops mode in which the Java heap is
#     placed in the first 4GB address space. The Java Heap base address is the
#     maximum limit for the native heap growth. Please use -XX:HeapBaseMinAddress
#     to set the Java Heap base and to place the Java Heap above 4GB virtual address.
# This output file may be truncated or incomplete.
#
#  Out of Memory Error (./open/src/hotspot/share/memory/allocation.cpp:46), pid=12364, tid=964
#
# JRE version:  (11.0.16.1+1) (build )
# Java VM: Java HotSpot(TM) 64-Bit Server VM (11.0.16.1+1-LTS-1, mixed mode, tiered, compressed oops, g1 gc, windows-amd64)
# No core dump will be written. Minidumps are not enabled by default on client versions of Windows
#

---------------  S U M M A R Y ------------

Command Line: -XX:TieredStopAtLevel=1 -Xverify:none -Dspring.output.ansi.enabled=always -Dcom.sun.management.jmxremote -Dspring.jmx.enabled=true -Dspring.liveBeansView.mbeanDomain -Dspring.application.admin.enabled=true -javaagent:C:\Program Files\JetBrains\IntelliJ IDEA 2022.2.1\lib\idea_rt.jar=12909:C:\Program Files\JetBrains\IntelliJ IDEA 2022.2.1\bin -Dfile.encoding=UTF-8 jpabook.jpashop.JpashopApplication

Host: Intel(R) Core(TM) i5-8250U CPU @ 1.60GHz, 8 cores, 7G,  Windows 11 , 64 bit Build 22000 (10.0.22000.708)
Time: Mon Sep  5 18:42:27 2022  Windows 11 , 64 bit Build 22000 (10.0.22000.708) elapsed time: 0.201950 seconds (0d 0h 0m 0s)

---------------  T H R E A D  ---------------

Current thread (0x000001da4c3e4800):  JavaThread "Unknown thread" [_thread_in_vm, id=964, stack(0x0000004538500000,0x0000004538600000)]

Stack: [0x0000004538500000,0x0000004538600000]
Native frames: (J=compiled Java code, j=interpreted, Vv=VM code, C=native code)
V  [jvm.dll+0x62a3da]
V  [jvm.dll+0x76407f]
V  [jvm.dll+0x765729]
V  [jvm.dll+0x765db3]
V  [jvm.dll+0x23dc18]
V  [jvm.dll+0xb1494]
V  [jvm.dll+0x6bce12]
V  [jvm.dll+0x6bcda7]
V  [jvm.dll+0x6bcf1a]
V  [jvm.dll+0x73da72]
V  [jvm.dll+0x74013e]
V  [jvm.dll+0x346f09]
V  [jvm.dll+0x723f50]
V  [jvm.dll+0x3b5aef]
V  [jvm.dll+0x3b7c01]
C  [jli.dll+0x5207]
C  [ucrtbase.dll+0x26c0c]
C  [KERNEL32.DLL+0x154e0]
C  [ntdll.dll+0x485b]


---------------  P R O C E S S  ---------------

Threads class SMR info:
_java_thread_list=0x000001da4a1a2020, length=0, elements={
}

Java Threads: ( => current thread )

Other Threads:
  0x000001da4c3f8000 GCTaskThread "GC Thread#0" [stack: 0x0000004538600000,0x0000004538700000] [id=21248]
  0x000001da4a26e000 ConcurrentGCThread "G1 Main Marker" [stack: 0x0000004538700000,0x0000004538800000] [id=20892]
  0x000001da4c42b800 ConcurrentGCThread "G1 Conc#0" [stack: 0x0000004538800000,0x0000004538900000] [id=21224]
  0x000001da4c4ad800 ConcurrentGCThread "G1 Refine#0" [stack: 0x0000004538900000,0x0000004538a00000] [id=25364]
  0x000001da6a102800 ConcurrentGCThread "G1 Young RemSet Sampling" [stack: 0x0000004538a00000,0x0000004538b00000] [id=3832]

=>0x000001da4c3e4800 (exited) JavaThread "Unknown thread" [_thread_in_vm, id=964, stack(0x0000004538500000,0x0000004538600000)]

Threads with active compile tasks:

VM state:not at safepoint (not fully initialized)

VM Mutex/Monitor currently owned by a thread: None

Heap address: 0x0000000082400000, size: 2012 MB, Compressed Oops mode: 32-bit
Narrow klass base: 0x0000000000000000, Narrow klass shift: 3
Compressed class space size: 1073741824 Address: 0x0000000100000000

GC Heap History (0 events):
No events

Deoptimization events (0 events):
No events

Classes redefined (0 events):
No events

Internal exceptions (0 events):
No events

Events (0 events):
No events


Dynamic libraries:
0x00007ff63f300000 - 0x00007ff63f30f000 	C:\Program Files\Java\jdk-11.0.16.1\bin\java.exe
0x00007ffdddf80000 - 0x00007ffdde189000 	C:\WINDOWS\SYSTEM32\ntdll.dll
0x00007ffddd7a0000 - 0x00007ffddd85d000 	C:\WINDOWS\System32\KERNEL32.DLL
0x00007ffddb850000 - 0x00007ffddbbcd000 	C:\WINDOWS\System32\KERNELBASE.dll
0x00007ffddbcf0000 - 0x00007ffddbe01000 	C:\WINDOWS\System32\ucrtbase.dll
0x00007ffd98ae0000 - 0x00007ffd98af8000 	C:\Program Files\Java\jdk-11.0.16.1\bin\jli.dll
0x00007ffddd900000 - 0x00007ffddd9ae000 	C:\WINDOWS\System32\ADVAPI32.dll
0x00007ffdc8ba0000 - 0x00007ffdc8bb5000 	C:\Program Files\Java\jdk-11.0.16.1\bin\VCRUNTIME140.dll
0x00007ffddcf20000 - 0x00007ffddcfc3000 	C:\WINDOWS\System32\msvcrt.dll
0x00007ffddd860000 - 0x00007ffddd8fe000 	C:\WINDOWS\System32\sechost.dll
0x00007ffddd680000 - 0x00007ffddd7a0000 	C:\WINDOWS\System32\RPCRT4.dll
0x00007ffdddb80000 - 0x00007ffdddd2d000 	C:\WINDOWS\System32\USER32.dll
0x00007ffdc17a0000 - 0x00007ffdc1a45000 	C:\WINDOWS\WinSxS\amd64_microsoft.windows.common-controls_6595b64144ccf1df_6.0.22000.120_none_9d947278b86cc467\COMCTL32.dll
0x00007ffdddb50000 - 0x00007ffdddb79000 	C:\WINDOWS\System32\GDI32.dll
0x00007ffddbbd0000 - 0x00007ffddbce8000 	C:\WINDOWS\System32\gdi32full.dll
0x00007ffddb510000 - 0x00007ffddb5ad000 	C:\WINDOWS\System32\msvcp_win.dll
0x00007ffddb460000 - 0x00007ffddb486000 	C:\WINDOWS\System32\win32u.dll
0x00007ffdcc5b0000 - 0x00007ffdcc5ba000 	C:\WINDOWS\SYSTEM32\VERSION.dll
0x00007ffddd620000 - 0x00007ffddd651000 	C:\WINDOWS\System32\IMM32.DLL
0x00007ffd736d0000 - 0x00007ffd7376b000 	C:\Program Files\Java\jdk-11.0.16.1\bin\msvcp140.dll
0x00007ffd521f0000 - 0x00007ffd52d08000 	C:\Program Files\Java\jdk-11.0.16.1\bin\server\jvm.dll
0x00007ffddbe80000 - 0x00007ffddbe88000 	C:\WINDOWS\System32\PSAPI.DLL
0x00007ffdbc710000 - 0x00007ffdbc719000 	C:\WINDOWS\SYSTEM32\WSOCK32.dll
0x00007ffdcf3d0000 - 0x00007ffdcf403000 	C:\WINDOWS\SYSTEM32\WINMM.dll
0x00007ffddccc0000 - 0x00007ffddcd2f000 	C:\WINDOWS\System32\WS2_32.dll
0x00007ffdda650000 - 0x00007ffdda668000 	C:\WINDOWS\SYSTEM32\kernel.appcore.dll
0x00007ffdc8b90000 - 0x00007ffdc8ba0000 	C:\Program Files\Java\jdk-11.0.16.1\bin\verify.dll
0x00007ffdd5a70000 - 0x00007ffdd5c91000 	C:\WINDOWS\SYSTEM32\DBGHELP.DLL
0x00007ffdbca80000 - 0x00007ffdbcab1000 	C:\WINDOWS\SYSTEM32\dbgcore.DLL
0x00007ffddb490000 - 0x00007ffddb50f000 	C:\WINDOWS\System32\bcryptPrimitives.dll
0x00007ffd90640000 - 0x00007ffd90668000 	C:\Program Files\Java\jdk-11.0.16.1\bin\java.dll
0x00007ffdc6940000 - 0x00007ffdc694a000 	C:\Program Files\Java\jdk-11.0.16.1\bin\jimage.dll
0x00007ffdd2a60000 - 0x00007ffdd2a6e000 	C:\Program Files\Java\jdk-11.0.16.1\bin\instrument.dll
0x00007ffd906f0000 - 0x00007ffd90706000 	C:\Program Files\Java\jdk-11.0.16.1\bin\zip.dll

dbghelp: loaded successfully - version: 4.0.5 - missing functions: none
symbol engine: initialized successfully - sym options: 0x614 - pdb path: .;C:\Program Files\Java\jdk-11.0.16.1\bin;C:\WINDOWS\SYSTEM32;C:\WINDOWS\WinSxS\amd64_microsoft.windows.common-controls_6595b64144ccf1df_6.0.22000.120_none_9d947278b86cc467;C:\Program Files\Java\jdk-11.0.16.1\bin\server

VM Arguments:
jvm_args: -XX:TieredStopAtLevel=1 -Xverify:none -Dspring.output.ansi.enabled=always -Dcom.sun.management.jmxremote -Dspring.jmx.enabled=true -Dspring.liveBeansView.mbeanDomain -Dspring.application.admin.enabled=true -javaagent:C:\Program Files\JetBrains\IntelliJ IDEA 2022.2.1\lib\idea_rt.jar=12909:C:\Program Files\JetBrains\IntelliJ IDEA 2022.2.1\bin -Dfile.encoding=UTF-8 
java_command: jpabook.jpashop.JpashopApplication
java_class_path (initial): C:\Users\park\Desktop\취업\인프런 백엔드\스프링 김영한 JPA 활용1\jpashop\out\production\classes;C:\Users\park\Desktop\취업\인프런 백엔드\스프링 김영한 JPA 활용1\jpashop\out\production\resources;C:\Users\park\.gradle\caches\modules-2\files-2.1\org.springframework.boot\spring-boot-starter-data-jpa\2.7.3\23f7118584200cf9edd43140dc6252679047bee0\spring-boot-starter-data-jpa-2.7.3.jar;C:\Users\park\.gradle\caches\modules-2\files-2.1\org.springframework.boot\spring-boot-starter-thymeleaf\2.7.3\3dc30e21fe12e5ebc6beef56d1cb5d59fbc0b285\spring-boot-starter-thymeleaf-2.7.3.jar;C:\Users\park\.gradle\caches\modules-2\files-2.1\org.springframework.boot\spring-boot-starter-web\2.7.3\9e36c7517c4f872b69d0665e1dd46bd6d83c43b7\spring-boot-starter-web-2.7.3.jar;C:\Users\park\.gradle\caches\modules-2\files-2.1\org.springframework.boot\spring-boot-devtools\2.7.3\ea46ce1fc8c0581f2455dcc43a11768660d87388\spring-boot-devtools-2.7.3.jar;C:\Users\park\.gradle\caches\modules-2\files-2.1\org.projectlombok\lombok\1.18.22\9c08ea24c6eb714e2d6170e8122c069a0ba9aacf\lombok-1.18.22.jar;C:\Users\park\.gradle\caches\modules-2\files-2.1\org.springframework.boot\spring-boot-starter-aop\2.7.3\b2806bdfae4cff6b82a174a68984a4cedd2d83f5\spring-boot-starter-aop-2.7.3.jar;C:\Users\park\.gradle\caches\modules-2\files-2.1\org.springframework.boot\spring-boot-starter-jdbc\2.7.3\c5cfc6efad06811d5dd916e86c97989b08575b31\spring-boot-starter-jdbc-2.7.3.jar;C:\Users\park\.gradle\caches\modules-2\files-2.1\jakarta.transaction\jakarta.transaction-api\1.3.3\c4179d48720a1e87202115fbed6089bdc4195405\jakarta.transaction-api-1.3.3.jar;C:\Users\park\.gradle\caches\modules-2\files-2.1\jakarta.persistence\jakarta.persistence-api\2.2.3\8f6ea5daedc614f07a3654a455660145286f024e\jakarta.persistence-api-2.2.3.jar;C:\Users\park\.gradle\caches\modules-2\files-2.1\org.hibernate\hibernate-core\5.6.10.Final\408fd5802391d8e6f619db9d7c6c0e27d49118c2\hibernate-core-5.6.10.Final.jar;C:\Users\park\.gradle\caches\mo
Launcher Type: SUN_STANDARD

[Global flags]
     bool BytecodeVerificationLocal                = false                                     {product} {command line}
     bool BytecodeVerificationRemote               = false                                     {product} {command line}
     intx CICompilerCount                          = 4                                         {product} {ergonomic}
     uint ConcGCThreads                            = 2                                         {product} {ergonomic}
     uint G1ConcRefinementThreads                  = 8                                         {product} {ergonomic}
   size_t G1HeapRegionSize                         = 1048576                                   {product} {ergonomic}
    uintx GCDrainStackTargetSize                   = 64                                        {product} {ergonomic}
   size_t InitialHeapSize                          = 132120576                                 {product} {ergonomic}
     bool ManagementServer                         = true                                      {product} {command line}
   size_t MarkStackSize                            = 4194304                                   {product} {ergonomic}
   size_t MaxHeapSize                              = 2109734912                                {product} {ergonomic}
   size_t MaxNewSize                               = 1265631232                                {product} {ergonomic}
   size_t MinHeapDeltaBytes                        = 1048576                                   {product} {ergonomic}
    uintx NonNMethodCodeHeapSize                   = 7549744                                {pd product} {ergonomic}
    uintx NonProfiledCodeHeapSize                  = 244108496                              {pd product} {ergonomic}
    uintx ProfiledCodeHeapSize                     = 0                                      {pd product} {ergonomic}
    uintx ReservedCodeCacheSize                    = 251658240                              {pd product} {ergonomic}
     bool SegmentedCodeCache                       = true                                      {product} {ergonomic}
     intx TieredStopAtLevel                        = 1                                         {product} {command line}
     bool UseCompressedClassPointers               = true                                 {lp64_product} {ergonomic}
     bool UseCompressedOops                        = true                                 {lp64_product} {ergonomic}
     bool UseG1GC                                  = true                                      {product} {ergonomic}
     bool UseLargePagesIndividualAllocation        = false                                  {pd product} {ergonomic}

Logging:
Log output configuration:
 #0: stdout all=warning uptime,level,tags
 #1: stderr all=off uptime,level,tags

Environment Variables:
PATH=C:\Program Files\Eclipse Adoptium\jdk-17.0.4.8-hotspot\bin;C:\oraclexe\app\oracle\product\11.2.0\server\bin;C:\Program Files\Common Files\Oracle\Java\javapath;C:\Program Files (x86)\Common Files\Oracle\Java\javapath;C:\Program Files (x86)\NAT Service;C:\WINDOWS\system32;C:\WINDOWS;C:\WINDOWS\System32\Wbem;C:\WINDOWS\System32\WindowsPowerShell\v1.0\;C:\Program Files (x86)\Intel\Intel(R) Management Engine Components\DAL;C:\Program Files\Intel\Intel(R) Management Engine Components\DAL;C:\Program Files (x86)\Intel\Intel(R) Management Engine Components\IPT;C:\Program Files\Intel\Intel(R) Management Engine Components\IPT;C:\WINDOWS\System32\OpenSSH\;C:\Program Files\Microsoft SQL Server\130\Tools\Binn\;C:\Program Files\Intel\WiFi\bin\;C:\Program Files\Common Files\Intel\WirelessCommon\;C:\Program Files\dotnet\;C:\Program Files\Microsoft SQL Server\Client SDK\ODBC\170\Tools\Binn\;C:\Program Files\Git\cmd;C:\Program Files\NVIDIA Corporation\Nsight Compute 2022.2.0\;C:\Program Files\Google Protobuf\bin;C:\Users\park\Anaconda3;C:\Users\park\Anaconda3\Scripts;C:\Users\park\Anaconda3\Library;C:\Program Files\MySQL\MySQL Shell 8.0\bin\;C:\Users\park\AppData\Local\Programs\Python\Python39\Scripts\;C:\Users\park\AppData\Local\Programs\Python\Python39\;C:\Users\park\AppData\Local\Microsoft\WindowsApps;C:\Users\park\AppData\Local\Programs\Microsoft VS Code\bin;C:\opencv\build\x64\vc15\bin;C:\Program Files\JetBrains\PyCharm Community Edition 2022.1.3\bin;;C:\Users\park\AppData\Local\GitHubDesktop\bin;C:\Program Files\JetBrains\IntelliJ IDEA Community Edition 2022.2\bin;;C:\Program Files\JetBrains\IntelliJ IDEA 2022.2.1\bin;
USERNAME=park
OS=Windows_NT
PROCESSOR_IDENTIFIER=Intel64 Family 6 Model 142 Stepping 10, GenuineIntel



---------------  S Y S T E M  ---------------

OS: Windows 11 , 64 bit Build 22000 (10.0.22000.708)

CPU:total 8 (initial active 8) (4 cores per cpu, 2 threads per core) family 6 model 142 stepping 10 microcode 0xf0, cmov, cx8, fxsr, mmx, sse, sse2, sse3, ssse3, sse4.1, sse4.2, popcnt, avx, avx2, aes, clmul, erms, 3dnowpref, lzcnt, ht, tsc, tscinvbit, bmi1, bmi2, adx, fma

Memory: 4k page, system-wide physical 8046M (412M free)
TotalPageFile size 27494M (AvailPageFile size 17M)
current process WorkingSet (physical memory assigned to process): 16M, peak: 16M
current process commit charge ("private bytes"): 190M, peak: 190M

vm_info: Java HotSpot(TM) 64-Bit Server VM (11.0.16.1+1-LTS-1) for windows-amd64 JRE (11.0.16.1+1-LTS-1), built on Aug 16 2022 01:46:01 by "mach5one" with MS VC++ 15.9 (VS2017)

END.
